ready file /home/ljk/Desktop/wolfssl-5.6.6/wolfssl_resume_ready85230
-r          Resume session

Starting example server for resume test...


Resume test supported
./examples/server/server -r -R "/home/ljk/Desktop/wolfssl-5.6.6/wolfssl_resume_ready85230" -p 0
waiting for ready file...
found ready file, starting client...
./examples/client/client  -r -p 33735
In RsaUnpad, pkcs blocklen: 256
ret 182651
ret pkcs 51
in enc before func
0877AA84B2CA9C3022E14E1C2D7DF74C80BC9380C9E477BB631CEE761E821B24CF8818CF96730C8F8FD063F9378EB6B48041C4DF46BB6A0A83B09D104676E8282AF02E7CC11203263E7E508FEB5B3EB8F2C52B7EF486CA29178AD0EA15A6D9081C994F5D68DB80A3EAA3D4721FCAB0AE6BF4E27F7E12FF2707580CFDE626A72A6DD1563BF3F2520B71B445CBC558385062DC6B9A7C940AAF7C018FD899DF15FA0E697980C567867FF0437AB486129291EBADE26926A52AF7B5BB2458731BF72FDEB4463CAF0CCA60973BEBF01C7A0BCC6EC79735B6236429E55210015A309C89260649F1AB8C45262FF386F3B1BED13063619AE8AED66877B62DD64F1CD5F3BC
in enc after func
0A93C146B6E082DF2AFFB44C2B9C3F468E19EF4FAF3417C52917A06C7672BFF051761F6ED4BA7E8E53B6B704AAFC4970979F0B868DB2C35348E9FF7FF50E210904912F0350851B611731E2E8D161FD212A1EEFED3716A79F784A2481B660DEFD454685F562B35E231B7EF0B39A34EE58338B1E748354894E63085D45AFEE1755F27231F1BA3C12D8C23AAA993A5C9824EAD315AC99710AF0E6FBD86A84479050D3BA8A31463D7ADBD34992811F125021EDD524416D381CC3D11CC3953536E0467002F4164EA155592DAC80765FB3CBAB2D30626E8323D48E3824FE939865C57E218A0D3D94EF5B30ECA9F7429A58230946109997F574D46B0CC38A2E219F41D1
In RsaUnpad, pkcs blocklen: 256
ret 182651
ret pkcs 51
Alternate cert chain used
 issuer : /C=US/ST=Montana/L=Bozeman/O=wolfSSL_2048/OU=Programming-2048/CN=www.wolfssl.com/emailAddress=info@wolfssl.com
 subject: /C=US/ST=Montana/L=Bozeman/O=wolfSSL_2048/OU=Programming-2048/CN=www.wolfssl.com/emailAddress=info@wolfssl.com
 altname = example.com
 serial number:08:b0:54:7a:03:5a:ec:55:8a:12:e8:f9:8e:34:b6:13:d9:59:b8:e8 
SSL version is TLSv1.2
SSL cipher suite is TLS_ECDHE_RSA_WITH_AES_256_GCM_SHA384
SSL curve name is SECP256R1
Client message: hello wolfssl!
Alternate cert chain used
 issuer : /C=US/ST=Montana/L=Bozeman/O=wolfSSL_2048/OU=Programming-2048/CN=www.wolfssl.com/emailAddress=info@wolfssl.com
 subject: /C=US/ST=Montana/L=Bozeman/O=wolfSSL_2048/OU=Programming-2048/CN=www.wolfssl.com/emailAddress=info@wolfssl.com
 altname = example.com
 serial number:08:b0:54:7a:03:5a:ec:55:8a:12:e8:f9:8e:34:b6:13:d9:59:b8:e8 
SSL version is TLSv1.2
SSL cipher suite is TLS_ECDHE_RSA_WITH_AES_256_GCM_SHA384
SSL reused session
Client message: resuming wolfssl!
removing existing ready file
resumed session

Repeating resume test without extended master secret...

Starting example server for resume test...


Resume test supported
./examples/server/server -r -R "/home/ljk/Desktop/wolfssl-5.6.6/wolfssl_resume_ready85230" -p 33735
waiting for ready file...
found ready file, starting client...
./examples/client/client -n -r -p 33735
In RsaUnpad, pkcs blocklen: 256
ret 182651
ret pkcs 51
in enc before func
0E60DFF3468ABD7C45247AB3AE2D2E3472464F8C30CB363133A5195405DA9835F5203C99960FFC81E13782DBCD128030104E0C304C33D601637365CEBE7FD923E408A328066127BBA79C88A490BAE4467BBC15C3BF06A027AB5AE4F3AEAD482070962360BCAFF54C5543B8DCEE6D33014E9894386BD507E94CB6C469F43DE9D98C7DCD832390E1F5CD4DB1F81E9493AC9523FE5ED48A0365A52EDDC78D13E63EC32D67D0CEFED94C0D5F7E2FD78DDBDA3B16E1D65F701162F0A1266D263BE31ACDDEF6D7DCF6505A7931F3332BC687BCF3F72AF65A91BE388752887FC6376C6A0B4F4CBDC88AC48AB856A0357BBF8F0A214FB92B709EE61BBBD5469162E54DBC
in enc after func
4C8D12880F97648B6513A9659C16281F7897F0E51D2E92FF43F3F8E40B42B61D33DA44F2ED6521A98245B5271641D97622C231AB569A4F6E2919FDC857C471864D67662D1F5BBED1488C19D2E3972EF476FE40219FB2CF00FA7AB0DAFF1FA01F4EC642C6A3E28775A1022935300BEAF0FD4C41B528B7B6F72FF62FA89C6259ECF2EECC36AC71E88011777E21CD092ADE72737E5BE29518E6358330C0F9C7417AE4C31A32EF41265EE7B514F5C130C6D03B427313E44E318F19816D6FD95DF2F5392DBCD6575CF454036E7CC143786D30F6FD88161579F4905FEC5F2FC5F2419D3185D84BA017AA8E45EA8BC54D3EEAA4825D33B1AE1D7F4EE2F44C13ED395153
In RsaUnpad, pkcs blocklen: 256
ret 182651
ret pkcs 51
Alternate cert chain used
 issuer : /C=US/ST=Montana/L=Bozeman/O=wolfSSL_2048/OU=Programming-2048/CN=www.wolfssl.com/emailAddress=info@wolfssl.com
 subject: /C=US/ST=Montana/L=Bozeman/O=wolfSSL_2048/OU=Programming-2048/CN=www.wolfssl.com/emailAddress=info@wolfssl.com
 altname = example.com
 serial number:08:b0:54:7a:03:5a:ec:55:8a:12:e8:f9:8e:34:b6:13:d9:59:b8:e8 
SSL version is TLSv1.2
SSL cipher suite is TLS_ECDHE_RSA_WITH_AES_256_GCM_SHA384
SSL curve name is SECP256R1
Client message: hello wolfssl!
Alternate cert chain used
 issuer : /C=US/ST=Montana/L=Bozeman/O=wolfSSL_2048/OU=Programming-2048/CN=www.wolfssl.com/emailAddress=info@wolfssl.com
 subject: /C=US/ST=Montana/L=Bozeman/O=wolfSSL_2048/OU=Programming-2048/CN=www.wolfssl.com/emailAddress=info@wolfssl.com
 altname = example.com
 serial number:08:b0:54:7a:03:5a:ec:55:8a:12:e8:f9:8e:34:b6:13:d9:59:b8:e8 
SSL version is TLSv1.2
SSL cipher suite is TLS_ECDHE_RSA_WITH_AES_256_GCM_SHA384
SSL reused session
Client message: resuming wolfssl!
removing existing ready file
resumed session

Success!

PASS scripts/resume.test (exit status: 0)
