This file contains any messages produced by compilers while
running configure, to aid debugging if configure makes a mistake.

It was created by wolfssl configure 5.6.6, which was
generated by GNU Autoconf 2.69.  Invocation command line was

  $ ./configure --enable-usersettings

## --------- ##
## Platform. ##
## --------- ##

hostname = ubuntu
uname -m = x86_64
uname -r = 5.15.0-91-generic
uname -s = Linux
uname -v = #101~20.04.1-Ubuntu SMP Thu Nov 16 14:22:28 UTC 2023

/usr/bin/uname -p = x86_64
/bin/uname -X     = unknown

/bin/arch              = x86_64
/usr/bin/arch -k       = unknown
/usr/convex/getsysinfo = unknown
/usr/bin/hostinfo      = unknown
/bin/machine           = unknown
/usr/bin/oslevel       = unknown
/bin/universe          = unknown

PATH: /usr/local/sbin
PATH: /usr/local/bin
PATH: /usr/sbin
PATH: /usr/bin
PATH: /sbin
PATH: /bin
PATH: /snap/bin


## ----------- ##
## Core tests. ##
## ----------- ##

configure:3835: checking for gcc
configure:3851: found /usr/bin/gcc
configure:3862: result: gcc
configure:4091: checking for C compiler version
configure:4100: gcc --version >&5
gcc (Ubuntu 9.4.0-1ubuntu1~20.04.2) 9.4.0
Copyright (C) 2019 Free Software Foundation, Inc.
This is free software; see the source for copying conditions.  There is NO
warranty; not even for MERCHANTABILITY or FITNESS FOR A PARTICULAR PURPOSE.

configure:4111: $? = 0
configure:4100: gcc -v >&5
Using built-in specs.
COLLECT_GCC=gcc
COLLECT_LTO_WRAPPER=/usr/lib/gcc/x86_64-linux-gnu/9/lto-wrapper
OFFLOAD_TARGET_NAMES=nvptx-none:hsa
OFFLOAD_TARGET_DEFAULT=1
Target: x86_64-linux-gnu
Configured with: ../src/configure -v --with-pkgversion='Ubuntu 9.4.0-1ubuntu1~20.04.2' --with-bugurl=file:///usr/share/doc/gcc-9/README.Bugs --enable-languages=c,ada,c++,go,brig,d,fortran,objc,obj-c++,gm2 --prefix=/usr --with-gcc-major-version-only --program-suffix=-9 --program-prefix=x86_64-linux-gnu- --enable-shared --enable-linker-build-id --libexecdir=/usr/lib --without-included-gettext --enable-threads=posix --libdir=/usr/lib --enable-nls --enable-clocale=gnu --enable-libstdcxx-debug --enable-libstdcxx-time=yes --with-default-libstdcxx-abi=new --enable-gnu-unique-object --disable-vtable-verify --enable-plugin --enable-default-pie --with-system-zlib --with-target-system-zlib=auto --enable-objc-gc=auto --enable-multiarch --disable-werror --with-arch-32=i686 --with-abi=m64 --with-multilib-list=m32,m64,mx32 --enable-multilib --with-tune=generic --enable-offload-targets=nvptx-none=/build/gcc-9-9QDOt0/gcc-9-9.4.0/debian/tmp-nvptx/usr,hsa --without-cuda-driver --enable-checking=release --build=x86_64-linux-gnu --host=x86_64-linux-gnu --target=x86_64-linux-gnu
Thread model: posix
gcc version 9.4.0 (Ubuntu 9.4.0-1ubuntu1~20.04.2) 
configure:4111: $? = 0
configure:4100: gcc -V >&5
gcc: error: unrecognized command line option '-V'
gcc: fatal error: no input files
compilation terminated.
configure:4111: $? = 1
configure:4100: gcc -qversion >&5
gcc: error: unrecognized command line option '-qversion'; did you mean '--version'?
gcc: fatal error: no input files
compilation terminated.
configure:4111: $? = 1
configure:4131: checking whether the C compiler works
configure:4153: gcc      conftest.c  >&5
configure:4157: $? = 0
configure:4205: result: yes
configure:4208: checking for C compiler default output file name
configure:4210: result: a.out
configure:4216: checking for suffix of executables
configure:4223: gcc -o conftest      conftest.c  >&5
configure:4227: $? = 0
configure:4249: result: 
configure:4271: checking whether we are cross compiling
configure:4279: gcc -o conftest      conftest.c  >&5
configure:4283: $? = 0
configure:4290: ./conftest
configure:4294: $? = 0
configure:4282: result: no
configure:4287: checking for suffix of object files
configure:4309: gcc -c     conftest.c >&5
configure:4313: $? = 0
configure:4334: result: o
configure:4338: checking whether we are using the GNU C compiler
configure:4357: gcc -c     conftest.c >&5
configure:4357: $? = 0
configure:4366: result: yes
configure:4375: checking whether gcc accepts -g
configure:4395: gcc -c -g  conftest.c >&5
configure:4395: $? = 0
configure:4436: result: yes
configure:4453: checking for gcc option to accept ISO C89
configure:4516: gcc  -c     conftest.c >&5
configure:4516: $? = 0
configure:4529: result: none needed
configure:4557: checking whether gcc understands -c and -o together
configure:4579: gcc -c conftest.c -o conftest2.o
configure:4582: $? = 0
configure:4579: gcc -c conftest.c -o conftest2.o
configure:4582: $? = 0
configure:4594: result: yes
configure:4616: checking build system type
configure:4630: result: x86_64-pc-linux-gnu
configure:4650: checking host system type
configure:4663: result: x86_64-pc-linux-gnu
configure:4683: checking target system type
configure:4696: result: x86_64-pc-linux-gnu
configure:4740: checking for a BSD-compatible install
configure:4808: result: /usr/bin/install -c
configure:4819: checking whether build environment is sane
configure:4874: result: yes
configure:5020: checking for a thread-safe mkdir -p
configure:5059: result: /usr/bin/mkdir -p
configure:5066: checking for gawk
configure:5096: result: no
configure:5066: checking for mawk
configure:5082: found /usr/bin/mawk
configure:5093: result: mawk
configure:5104: checking whether make sets $(MAKE)
configure:5126: result: yes
configure:5148: checking whether make supports the include directive
configure:5163: make -f confmf.GNU && cat confinc.out
this is the am__doit target
configure:5166: $? = 0
configure:5185: result: yes (GNU style)
configure:5218: checking whether make supports nested variables
configure:5235: result: yes
configure:5315: checking whether UID '0' is supported by ustar format
configure:5318: result: yes
configure:5325: checking whether GID '0' is supported by ustar format
configure:5328: result: yes
configure:5336: checking how to create a ustar tar archive
configure:5347: tar --version
tar (GNU tar) 1.30
Copyright (C) 2017 Free Software Foundation, Inc.
License GPLv3+: GNU GPL version 3 or later <https://gnu.org/licenses/gpl.html>.
This is free software: you are free to change and redistribute it.
There is NO WARRANTY, to the extent permitted by law.

Written by John Gilmore and Jay Fenlason.
configure:5350: $? = 0
configure:5390: tardir=conftest.dir && eval tar --format=ustar -chf - "$tardir" >conftest.tar
configure:5393: $? = 0
configure:5397: tar -xf - <conftest.tar
configure:5400: $? = 0
configure:5402: cat conftest.dir/file
GrepMe
configure:5405: $? = 0
configure:5418: result: gnutar
configure:5427: checking dependency style of gcc
configure:5538: result: gcc3
configure:5607: checking whether make supports nested variables
configure:5624: result: yes
configure:5688: checking how to print strings
configure:5715: result: printf
configure:5736: checking for a sed that does not truncate output
configure:5800: result: /usr/bin/sed
configure:5818: checking for grep that handles long lines and -e
configure:5876: result: /usr/bin/grep
configure:5881: checking for egrep
configure:5943: result: /usr/bin/grep -E
configure:5948: checking for fgrep
configure:6010: result: /usr/bin/grep -F
configure:6045: checking for ld used by gcc
configure:6112: result: /usr/bin/ld
configure:6119: checking if the linker (/usr/bin/ld) is GNU ld
configure:6134: result: yes
configure:6146: checking for BSD- or MS-compatible name lister (nm)
configure:6200: result: /usr/bin/nm -B
configure:6330: checking the name lister (/usr/bin/nm -B) interface
configure:6337: gcc -c     conftest.c >&5
configure:6340: /usr/bin/nm -B "conftest.o"
configure:6343: output
0000000000000000 B some_variable
configure:6344: result: BSD nm
configure:6347: checking whether ln -s works
configure:6351: result: yes
configure:6359: checking the maximum length of command line arguments
configure:6490: result: 1572864
configure:6538: checking how to convert x86_64-pc-linux-gnu file names to x86_64-pc-linux-gnu format
configure:6578: result: func_convert_file_noop
configure:6585: checking how to convert x86_64-pc-linux-gnu file names to toolchain format
configure:6605: result: func_convert_file_noop
configure:6612: checking for /usr/bin/ld option to reload object files
configure:6619: result: -r
configure:6693: checking for objdump
configure:6709: found /usr/bin/objdump
configure:6720: result: objdump
configure:6749: checking how to recognize dependent libraries
configure:6949: result: pass_all
configure:7034: checking for dlltool
configure:7064: result: no
configure:7091: checking how to associate runtime and link libraries
configure:7118: result: printf %s\n
configure:7179: checking for ar
configure:7195: found /usr/bin/ar
configure:7206: result: ar
configure:7243: checking for archiver @FILE support
configure:7260: gcc -c     conftest.c >&5
configure:7260: $? = 0
configure:7263: ar cr libconftest.a @conftest.lst >&5
configure:7266: $? = 0
configure:7271: ar cr libconftest.a @conftest.lst >&5
ar: conftest.o: No such file or directory
configure:7274: $? = 1
configure:7273: result: @
configure:7331: checking for strip
configure:7347: found /usr/bin/strip
configure:7358: result: strip
configure:7430: checking for ranlib
configure:7446: found /usr/bin/ranlib
configure:7457: result: ranlib
configure:7559: checking command to parse /usr/bin/nm -B output from gcc object
configure:7712: gcc -c     conftest.c >&5
configure:7715: $? = 0
configure:7719: /usr/bin/nm -B conftest.o | sed -n -e 's/^.*[	 ]\([ABCDGIRSTW][ABCDGIRSTW]*\)[	 ][	 ]*\([_A-Za-z][_A-Za-z0-9]*\)$/\1 \2 \2/p' | sed '/ __gnu_lto/d' > conftest.nm
configure:7785: gcc -o conftest      conftest.c conftstm.o >&5
configure:7788: $? = 0
configure:7826: result: ok
configure:7873: checking for sysroot
configure:7903: result: no
configure:7910: checking for a working dd
configure:7948: result: /usr/bin/dd
configure:7952: checking how to truncate binary pipes
configure:7967: result: /usr/bin/dd bs=4096 count=1
configure:8103: gcc -c     conftest.c >&5
configure:8106: $? = 0
configure:8296: checking for mt
configure:8312: found /usr/bin/mt
configure:8323: result: mt
configure:8346: checking if mt is a manifest tool
configure:8352: mt '-?'
configure:8360: result: no
configure:9037: checking how to run the C preprocessor
configure:9068: gcc -E  conftest.c
configure:9068: $? = 0
configure:9082: gcc -E  conftest.c
conftest.c:9:10: fatal error: ac_nonexistent.h: No such file or directory
    9 | #include <ac_nonexistent.h>
      |          ^~~~~~~~~~~~~~~~~~
compilation terminated.
configure:9082: $? = 1
configure: failed program was:
| /* confdefs.h */
| #define PACKAGE_NAME "wolfssl"
| #define PACKAGE_TARNAME "wolfssl"
| #define PACKAGE_VERSION "5.6.6"
| #define PACKAGE_STRING "wolfssl 5.6.6"
| #define PACKAGE_BUGREPORT "https://github.com/wolfssl/wolfssl/issues"
| #define PACKAGE_URL "https://www.wolfssl.com"
| /* end confdefs.h.  */
| #include <ac_nonexistent.h>
configure:9107: result: gcc -E
configure:9127: gcc -E  conftest.c
configure:9127: $? = 0
configure:9141: gcc -E  conftest.c
conftest.c:9:10: fatal error: ac_nonexistent.h: No such file or directory
    9 | #include <ac_nonexistent.h>
      |          ^~~~~~~~~~~~~~~~~~
compilation terminated.
configure:9141: $? = 1
configure: failed program was:
| /* confdefs.h */
| #define PACKAGE_NAME "wolfssl"
| #define PACKAGE_TARNAME "wolfssl"
| #define PACKAGE_VERSION "5.6.6"
| #define PACKAGE_STRING "wolfssl 5.6.6"
| #define PACKAGE_BUGREPORT "https://github.com/wolfssl/wolfssl/issues"
| #define PACKAGE_URL "https://www.wolfssl.com"
| /* end confdefs.h.  */
| #include <ac_nonexistent.h>
configure:9170: checking for ANSI C header files
configure:9190: gcc -c     conftest.c >&5
configure:9190: $? = 0
configure:9263: gcc -o conftest      conftest.c  >&5
configure:9263: $? = 0
configure:9263: ./conftest
configure:9263: $? = 0
configure:9274: result: yes
configure:9287: checking for sys/types.h
configure:9287: gcc -c     conftest.c >&5
configure:9287: $? = 0
configure:9287: result: yes
configure:9287: checking for sys/stat.h
configure:9287: gcc -c     conftest.c >&5
configure:9287: $? = 0
configure:9287: result: yes
configure:9287: checking for stdlib.h
configure:9287: gcc -c     conftest.c >&5
configure:9287: $? = 0
configure:9287: result: yes
configure:9287: checking for string.h
configure:9287: gcc -c     conftest.c >&5
configure:9287: $? = 0
configure:9287: result: yes
configure:9287: checking for memory.h
configure:9287: gcc -c     conftest.c >&5
configure:9287: $? = 0
configure:9287: result: yes
configure:9287: checking for strings.h
configure:9287: gcc -c     conftest.c >&5
configure:9287: $? = 0
configure:9287: result: yes
configure:9287: checking for inttypes.h
configure:9287: gcc -c     conftest.c >&5
configure:9287: $? = 0
configure:9287: result: yes
configure:9287: checking for stdint.h
configure:9287: gcc -c     conftest.c >&5
configure:9287: $? = 0
configure:9287: result: yes
configure:9287: checking for unistd.h
configure:9287: gcc -c     conftest.c >&5
configure:9287: $? = 0
configure:9287: result: yes
configure:9301: checking for dlfcn.h
configure:9301: gcc -c     conftest.c >&5
configure:9301: $? = 0
configure:9301: result: yes
configure:9854: checking for objdir
configure:9869: result: .libs
configure:10133: checking if gcc supports -fno-rtti -fno-exceptions
configure:10151: gcc -c     -fno-rtti -fno-exceptions conftest.c >&5
cc1: warning: command line option '-fno-rtti' is valid for C++/D/ObjC++ but not for C
configure:10155: $? = 0
configure:10168: result: no
configure:10532: checking for gcc option to produce PIC
configure:10539: result: -fPIC -DPIC
configure:10547: checking if gcc PIC flag -fPIC -DPIC works
configure:10565: gcc -c     -fPIC -DPIC -DPIC conftest.c >&5
configure:10569: $? = 0
configure:10582: result: yes
configure:10611: checking if gcc static flag -static works
configure:10639: result: yes
configure:10654: checking if gcc supports -c -o file.o
configure:10675: gcc -c     -o out/conftest2.o conftest.c >&5
configure:10679: $? = 0
configure:10701: result: yes
configure:10709: checking if gcc supports -c -o file.o
configure:10756: result: yes
configure:10789: checking whether the gcc linker (/usr/bin/ld -m elf_x86_64) supports shared libraries
configure:12052: result: yes
configure:12089: checking whether -lc should be explicitly linked in
configure:12097: gcc -c     conftest.c >&5
configure:12100: $? = 0
configure:12115: gcc -shared  -fPIC -DPIC conftest.o  -v -Wl,-soname -Wl,conftest -o conftest 2\>\&1 \| /usr/bin/grep  -lc  \>/dev/null 2\>\&1
configure:12118: $? = 0
configure:12132: result: no
configure:12292: checking dynamic linker characteristics
configure:12873: gcc -o conftest      -Wl,-rpath -Wl,/foo conftest.c  >&5
configure:12873: $? = 0
configure:13122: result: GNU/Linux ld.so
configure:13244: checking how to hardcode library paths into programs
configure:13269: result: immediate
configure:13817: checking whether stripping libraries is possible
configure:13822: result: yes
configure:13857: checking if libtool supports shared libraries
configure:13859: result: yes
configure:13862: checking whether to build shared libraries
configure:13887: result: yes
configure:13890: checking whether to build static libraries
configure:13894: result: no
configure:10744: checking whether the -Werror option is usable
configure:10763: gcc -c    -Werror  conftest.c >&5
configure:10763: $? = 0
configure:10772: result: yes
configure:10774: checking for simple visibility declarations
configure:10801: gcc -c    -fvisibility=hidden -Werror  conftest.c >&5
configure:10801: $? = 0
configure:10810: result: yes
configure:10843: checking size of long long
configure:10848: gcc -o conftest      conftest.c  >&5
configure:10848: $? = 0
configure:10848: ./conftest
configure:10848: $? = 0
configure:10862: result: 8
configure:10876: checking size of long
configure:10881: gcc -o conftest      conftest.c  >&5
configure:10881: $? = 0
configure:10881: ./conftest
configure:10881: $? = 0
configure:10895: result: 8
configure:10909: checking size of time_t
configure:10914: gcc -o conftest      conftest.c  >&5
configure:10914: $? = 0
configure:10914: ./conftest
configure:10914: $? = 0
configure:10928: result: 8
configure:10938: checking for __uint128_t
configure:10938: gcc -c     conftest.c >&5
configure:10938: $? = 0
configure:10938: gcc -c     conftest.c >&5
conftest.c: In function 'main':
conftest.c:61:26: error: expected expression before ')' token
   61 | if (sizeof ((__uint128_t)))
      |                          ^
configure:10938: $? = 1
configure: failed program was:
| /* confdefs.h */
| #define PACKAGE_NAME "wolfssl"
| #define PACKAGE_TARNAME "wolfssl"
| #define PACKAGE_VERSION "5.6.6"
| #define PACKAGE_STRING "wolfssl 5.6.6"
| #define PACKAGE_BUGREPORT "https://github.com/wolfssl/wolfssl/issues"
| #define PACKAGE_URL "https://www.wolfssl.com"
| #define STDC_HEADERS 1
| #define HAVE_SYS_TYPES_H 1
| #define HAVE_SYS_STAT_H 1
| #define HAVE_STDLIB_H 1
| #define HAVE_STRING_H 1
| #define HAVE_MEMORY_H 1
| #define HAVE_STRINGS_H 1
| #define HAVE_INTTYPES_H 1
| #define HAVE_STDINT_H 1
| #define HAVE_UNISTD_H 1
| #define HAVE_DLFCN_H 1
| #define LT_OBJDIR ".libs/"
| #define HAVE_VISIBILITY 1
| #define SIZEOF_LONG_LONG 8
| #define SIZEOF_LONG 8
| #define SIZEOF_TIME_T 8
| /* end confdefs.h.  */
| #include <stdio.h>
| #ifdef HAVE_SYS_TYPES_H
| # include <sys/types.h>
| #endif
| #ifdef HAVE_SYS_STAT_H
| # include <sys/stat.h>
| #endif
| #ifdef STDC_HEADERS
| # include <stdlib.h>
| # include <stddef.h>
| #else
| # ifdef HAVE_STDLIB_H
| #  include <stdlib.h>
| # endif
| #endif
| #ifdef HAVE_STRING_H
| # if !defined STDC_HEADERS && defined HAVE_MEMORY_H
| #  include <memory.h>
| # endif
| # include <string.h>
| #endif
| #ifdef HAVE_STRINGS_H
| # include <strings.h>
| #endif
| #ifdef HAVE_INTTYPES_H
| # include <inttypes.h>
| #endif
| #ifdef HAVE_STDINT_H
| # include <stdint.h>
| #endif
| #ifdef HAVE_UNISTD_H
| # include <unistd.h>
| #endif
| int
| main ()
| {
| if (sizeof ((__uint128_t)))
| 	    return 0;
|   ;
|   return 0;
| }
configure:10938: result: yes
configure:10974: checking arpa/inet.h usability
configure:10974: gcc -c     conftest.c >&5
configure:10974: $? = 0
configure:10974: result: yes
configure:10974: checking arpa/inet.h presence
configure:10974: gcc -E  conftest.c
configure:10974: $? = 0
configure:10974: result: yes
configure:10974: checking for arpa/inet.h
configure:10974: result: yes
configure:10974: checking fcntl.h usability
configure:10974: gcc -c     conftest.c >&5
configure:10974: $? = 0
configure:10974: result: yes
configure:10974: checking fcntl.h presence
configure:10974: gcc -E  conftest.c
configure:10974: $? = 0
configure:10974: result: yes
configure:10974: checking for fcntl.h
configure:10974: result: yes
configure:10974: checking limits.h usability
configure:10974: gcc -c     conftest.c >&5
configure:10974: $? = 0
configure:10974: result: yes
configure:10974: checking limits.h presence
configure:10974: gcc -E  conftest.c
configure:10974: $? = 0
configure:10974: result: yes
configure:10974: checking for limits.h
configure:10974: result: yes
configure:10974: checking netdb.h usability
configure:10974: gcc -c     conftest.c >&5
configure:10974: $? = 0
configure:10974: result: yes
configure:10974: checking netdb.h presence
configure:10974: gcc -E  conftest.c
configure:10974: $? = 0
configure:10974: result: yes
configure:10974: checking for netdb.h
configure:10974: result: yes
configure:10974: checking netinet/in.h usability
configure:10974: gcc -c     conftest.c >&5
configure:10974: $? = 0
configure:10974: result: yes
configure:10974: checking netinet/in.h presence
configure:10974: gcc -E  conftest.c
configure:10974: $? = 0
configure:10974: result: yes
configure:10974: checking for netinet/in.h
configure:10974: result: yes
configure:10974: checking stddef.h usability
configure:10974: gcc -c     conftest.c >&5
configure:10974: $? = 0
configure:10974: result: yes
configure:10974: checking stddef.h presence
configure:10974: gcc -E  conftest.c
configure:10974: $? = 0
configure:10974: result: yes
configure:10974: checking for stddef.h
configure:10974: result: yes
configure:10974: checking time.h usability
configure:10974: gcc -c     conftest.c >&5
configure:10974: $? = 0
configure:10974: result: yes
configure:10974: checking time.h presence
configure:10974: gcc -E  conftest.c
configure:10974: $? = 0
configure:10974: result: yes
configure:10974: checking for time.h
configure:10974: result: yes
configure:10974: checking sys/ioctl.h usability
configure:10974: gcc -c     conftest.c >&5
configure:10974: $? = 0
configure:10974: result: yes
configure:10974: checking sys/ioctl.h presence
configure:10974: gcc -E  conftest.c
configure:10974: $? = 0
configure:10974: result: yes
configure:10974: checking for sys/ioctl.h
configure:10974: result: yes
configure:10974: checking sys/socket.h usability
configure:10974: gcc -c     conftest.c >&5
configure:10974: $? = 0
configure:10974: result: yes
configure:10974: checking sys/socket.h presence
configure:10974: gcc -E  conftest.c
configure:10974: $? = 0
configure:10974: result: yes
configure:10974: checking for sys/socket.h
configure:10974: result: yes
configure:10974: checking sys/time.h usability
configure:10974: gcc -c     conftest.c >&5
configure:10974: $? = 0
configure:10974: result: yes
configure:10974: checking sys/time.h presence
configure:10974: gcc -E  conftest.c
configure:10974: $? = 0
configure:10974: result: yes
configure:10974: checking for sys/time.h
configure:10974: result: yes
configure:10974: checking errno.h usability
configure:10974: gcc -c     conftest.c >&5
configure:10974: $? = 0
configure:10974: result: yes
configure:10974: checking errno.h presence
configure:10974: gcc -E  conftest.c
configure:10974: $? = 0
configure:10974: result: yes
configure:10974: checking for errno.h
configure:10974: result: yes
configure:10974: checking sys/un.h usability
configure:10974: gcc -c     conftest.c >&5
configure:10974: $? = 0
configure:10974: result: yes
configure:10974: checking sys/un.h presence
configure:10974: gcc -E  conftest.c
configure:10974: $? = 0
configure:10974: result: yes
configure:10974: checking for sys/un.h
configure:10974: result: yes
configure:10984: checking for socket in -lnetwork
configure:11009: gcc -o conftest      conftest.c -lnetwork   >&5
/usr/bin/ld: cannot find -lnetwork
collect2: error: ld returned 1 exit status
configure:11009: $? = 1
configure: failed program was:
| /* confdefs.h */
| #define PACKAGE_NAME "wolfssl"
| #define PACKAGE_TARNAME "wolfssl"
| #define PACKAGE_VERSION "5.6.6"
| #define PACKAGE_STRING "wolfssl 5.6.6"
| #define PACKAGE_BUGREPORT "https://github.com/wolfssl/wolfssl/issues"
| #define PACKAGE_URL "https://www.wolfssl.com"
| #define STDC_HEADERS 1
| #define HAVE_SYS_TYPES_H 1
| #define HAVE_SYS_STAT_H 1
| #define HAVE_STDLIB_H 1
| #define HAVE_STRING_H 1
| #define HAVE_MEMORY_H 1
| #define HAVE_STRINGS_H 1
| #define HAVE_INTTYPES_H 1
| #define HAVE_STDINT_H 1
| #define HAVE_UNISTD_H 1
| #define HAVE_DLFCN_H 1
| #define LT_OBJDIR ".libs/"
| #define HAVE_VISIBILITY 1
| #define SIZEOF_LONG_LONG 8
| #define SIZEOF_LONG 8
| #define SIZEOF_TIME_T 8
| #define HAVE___UINT128_T 1
| #define HAVE_ARPA_INET_H 1
| #define HAVE_FCNTL_H 1
| #define HAVE_LIMITS_H 1
| #define HAVE_NETDB_H 1
| #define HAVE_NETINET_IN_H 1
| #define HAVE_STDDEF_H 1
| #define HAVE_TIME_H 1
| #define HAVE_SYS_IOCTL_H 1
| #define HAVE_SYS_SOCKET_H 1
| #define HAVE_SYS_TIME_H 1
| #define HAVE_ERRNO_H 1
| #define HAVE_SYS_UN_H 1
| /* end confdefs.h.  */
| 
| /* Override any GCC internal prototype to avoid an error.
|    Use char because int might match the return type of a GCC
|    builtin and then its argument prototype would still apply.  */
| #ifdef __cplusplus
| extern "C"
| #endif
| char socket ();
| int
| main ()
| {
| return socket ();
|   ;
|   return 0;
| }
configure:11018: result: no
configure:11029: checking whether byte ordering is bigendian
configure:11044: gcc -c     conftest.c >&5
conftest.c:39:9: error: unknown type name 'not'
   39 |         not a universal capable compiler
      |         ^~~
conftest.c:39:15: error: expected '=', ',', ';', 'asm' or '__attribute__' before 'universal'
   39 |         not a universal capable compiler
      |               ^~~~~~~~~
conftest.c:39:15: error: unknown type name 'universal'
configure:11044: $? = 1
configure: failed program was:
| /* confdefs.h */
| #define PACKAGE_NAME "wolfssl"
| #define PACKAGE_TARNAME "wolfssl"
| #define PACKAGE_VERSION "5.6.6"
| #define PACKAGE_STRING "wolfssl 5.6.6"
| #define PACKAGE_BUGREPORT "https://github.com/wolfssl/wolfssl/issues"
| #define PACKAGE_URL "https://www.wolfssl.com"
| #define STDC_HEADERS 1
| #define HAVE_SYS_TYPES_H 1
| #define HAVE_SYS_STAT_H 1
| #define HAVE_STDLIB_H 1
| #define HAVE_STRING_H 1
| #define HAVE_MEMORY_H 1
| #define HAVE_STRINGS_H 1
| #define HAVE_INTTYPES_H 1
| #define HAVE_STDINT_H 1
| #define HAVE_UNISTD_H 1
| #define HAVE_DLFCN_H 1
| #define LT_OBJDIR ".libs/"
| #define HAVE_VISIBILITY 1
| #define SIZEOF_LONG_LONG 8
| #define SIZEOF_LONG 8
| #define SIZEOF_TIME_T 8
| #define HAVE___UINT128_T 1
| #define HAVE_ARPA_INET_H 1
| #define HAVE_FCNTL_H 1
| #define HAVE_LIMITS_H 1
| #define HAVE_NETDB_H 1
| #define HAVE_NETINET_IN_H 1
| #define HAVE_STDDEF_H 1
| #define HAVE_TIME_H 1
| #define HAVE_SYS_IOCTL_H 1
| #define HAVE_SYS_SOCKET_H 1
| #define HAVE_SYS_TIME_H 1
| #define HAVE_ERRNO_H 1
| #define HAVE_SYS_UN_H 1
| /* end confdefs.h.  */
| #ifndef __APPLE_CC__
| 	       not a universal capable compiler
| 	     #endif
| 	     typedef int dummy;
| 
configure:11089: gcc -c     conftest.c >&5
configure:11089: $? = 0
configure:11107: gcc -c     conftest.c >&5
conftest.c: In function 'main':
conftest.c:45:4: error: unknown type name 'not'; did you mean 'ino_t'?
   45 |    not big endian
      |    ^~~
      |    ino_t
conftest.c:45:12: error: expected '=', ',', ';', 'asm' or '__attribute__' before 'endian'
   45 |    not big endian
      |            ^~~~~~
configure:11107: $? = 1
configure: failed program was:
| /* confdefs.h */
| #define PACKAGE_NAME "wolfssl"
| #define PACKAGE_TARNAME "wolfssl"
| #define PACKAGE_VERSION "5.6.6"
| #define PACKAGE_STRING "wolfssl 5.6.6"
| #define PACKAGE_BUGREPORT "https://github.com/wolfssl/wolfssl/issues"
| #define PACKAGE_URL "https://www.wolfssl.com"
| #define STDC_HEADERS 1
| #define HAVE_SYS_TYPES_H 1
| #define HAVE_SYS_STAT_H 1
| #define HAVE_STDLIB_H 1
| #define HAVE_STRING_H 1
| #define HAVE_MEMORY_H 1
| #define HAVE_STRINGS_H 1
| #define HAVE_INTTYPES_H 1
| #define HAVE_STDINT_H 1
| #define HAVE_UNISTD_H 1
| #define HAVE_DLFCN_H 1
| #define LT_OBJDIR ".libs/"
| #define HAVE_VISIBILITY 1
| #define SIZEOF_LONG_LONG 8
| #define SIZEOF_LONG 8
| #define SIZEOF_TIME_T 8
| #define HAVE___UINT128_T 1
| #define HAVE_ARPA_INET_H 1
| #define HAVE_FCNTL_H 1
| #define HAVE_LIMITS_H 1
| #define HAVE_NETDB_H 1
| #define HAVE_NETINET_IN_H 1
| #define HAVE_STDDEF_H 1
| #define HAVE_TIME_H 1
| #define HAVE_SYS_IOCTL_H 1
| #define HAVE_SYS_SOCKET_H 1
| #define HAVE_SYS_TIME_H 1
| #define HAVE_ERRNO_H 1
| #define HAVE_SYS_UN_H 1
| /* end confdefs.h.  */
| #include <sys/types.h>
| 		#include <sys/param.h>
| 
| int
| main ()
| {
| #if BYTE_ORDER != BIG_ENDIAN
| 		 not big endian
| 		#endif
| 
|   ;
|   return 0;
| }
configure:11235: result: no
configure:11253: checking for __atomic
configure:11281: gcc -o conftest      conftest.c  >&5
configure:11281: $? = 0
configure:11289: result: yes
configure:11298: checking stdatomic.h usability
configure:11298: gcc -c     conftest.c >&5
configure:11298: $? = 0
configure:11298: result: yes
configure:11298: checking stdatomic.h presence
configure:11298: gcc -E  conftest.c
configure:11298: $? = 0
configure:11298: result: yes
configure:11298: checking for stdatomic.h
configure:11298: result: yes
configure:11311: checking for gethostbyname
configure:11311: gcc -o conftest      conftest.c  >&5
configure:11311: $? = 0
configure:11311: result: yes
configure:11311: checking for getaddrinfo
configure:11311: gcc -o conftest      conftest.c  >&5
configure:11311: $? = 0
configure:11311: result: yes
configure:11311: checking for gettimeofday
configure:11311: gcc -o conftest      conftest.c  >&5
configure:11311: $? = 0
configure:11311: result: yes
configure:11311: checking for gmtime_r
configure:11311: gcc -o conftest      conftest.c  >&5
configure:11311: $? = 0
configure:11311: result: yes
configure:11311: checking for gmtime_s
configure:11311: gcc -o conftest      conftest.c  >&5
/usr/bin/ld: /tmp/ccV77MGF.o: in function `main':
conftest.c:(.text+0xe): undefined reference to `gmtime_s'
collect2: error: ld returned 1 exit status
configure:11311: $? = 1
configure: failed program was:
| /* confdefs.h */
| #define PACKAGE_NAME "wolfssl"
| #define PACKAGE_TARNAME "wolfssl"
| #define PACKAGE_VERSION "5.6.6"
| #define PACKAGE_STRING "wolfssl 5.6.6"
| #define PACKAGE_BUGREPORT "https://github.com/wolfssl/wolfssl/issues"
| #define PACKAGE_URL "https://www.wolfssl.com"
| #define STDC_HEADERS 1
| #define HAVE_SYS_TYPES_H 1
| #define HAVE_SYS_STAT_H 1
| #define HAVE_STDLIB_H 1
| #define HAVE_STRING_H 1
| #define HAVE_MEMORY_H 1
| #define HAVE_STRINGS_H 1
| #define HAVE_INTTYPES_H 1
| #define HAVE_STDINT_H 1
| #define HAVE_UNISTD_H 1
| #define HAVE_DLFCN_H 1
| #define LT_OBJDIR ".libs/"
| #define HAVE_VISIBILITY 1
| #define SIZEOF_LONG_LONG 8
| #define SIZEOF_LONG 8
| #define SIZEOF_TIME_T 8
| #define HAVE___UINT128_T 1
| #define HAVE_ARPA_INET_H 1
| #define HAVE_FCNTL_H 1
| #define HAVE_LIMITS_H 1
| #define HAVE_NETDB_H 1
| #define HAVE_NETINET_IN_H 1
| #define HAVE_STDDEF_H 1
| #define HAVE_TIME_H 1
| #define HAVE_SYS_IOCTL_H 1
| #define HAVE_SYS_SOCKET_H 1
| #define HAVE_SYS_TIME_H 1
| #define HAVE_ERRNO_H 1
| #define HAVE_SYS_UN_H 1
| #define HAVE_C___ATOMIC 1
| #define HAVE_GETHOSTBYNAME 1
| #define HAVE_GETADDRINFO 1
| #define HAVE_GETTIMEOFDAY 1
| #define HAVE_GMTIME_R 1
| /* end confdefs.h.  */
| /* Define gmtime_s to an innocuous variant, in case <limits.h> declares gmtime_s.
|    For example, HP-UX 11i <limits.h> declares gettimeofday.  */
| #define gmtime_s innocuous_gmtime_s
| 
| /* System header to define __stub macros and hopefully few prototypes,
|     which can conflict with char gmtime_s (); below.
|     Prefer <limits.h> to <assert.h> if __STDC__ is defined, since
|     <limits.h> exists even on freestanding compilers.  */
| 
| #ifdef __STDC__
| # include <limits.h>
| #else
| # include <assert.h>
| #endif
| 
| #undef gmtime_s
| 
| /* Override any GCC internal prototype to avoid an error.
|    Use char because int might match the return type of a GCC
|    builtin and then its argument prototype would still apply.  */
| #ifdef __cplusplus
| extern "C"
| #endif
| char gmtime_s ();
| /* The GNU C library defines this for functions which it implements
|     to always fail with ENOSYS.  Some functions are actually named
|     something starting with __ and the normal name is an alias.  */
| #if defined __stub_gmtime_s || defined __stub___gmtime_s
| choke me
| #endif
| 
| int
| main ()
| {
| return gmtime_s ();
|   ;
|   return 0;
| }
configure:11311: result: no
configure:11311: checking for inet_ntoa
configure:11311: gcc -o conftest      conftest.c  >&5
configure:11311: $? = 0
configure:11311: result: yes
configure:11311: checking for memset
configure:11311: gcc -o conftest      conftest.c  >&5
conftest.c:67:6: warning: conflicting types for built-in function 'memset'; expected 'void *(void *, int,  long unsigned int)' [-Wbuiltin-declaration-mismatch]
   67 | char memset ();
      |      ^~~~~~
conftest.c:55:1: note: 'memset' is declared in header '<string.h>'
   54 | # include <limits.h>
   55 | #else
configure:11311: $? = 0
configure:11311: result: yes
configure:11311: checking for socket
configure:11311: gcc -o conftest      conftest.c  >&5
configure:11311: $? = 0
configure:11311: result: yes
configure:11311: checking for strftime
configure:11311: gcc -o conftest      conftest.c  >&5
conftest.c:69:6: warning: conflicting types for built-in function 'strftime'; expected 'long unsigned int(char *, long unsigned int,  const char *, const void *)' [-Wbuiltin-declaration-mismatch]
   69 | char strftime ();
      |      ^~~~~~~~
conftest.c:57:1: note: 'strftime' is declared in header '<time.h>'
   56 | # include <limits.h>
   57 | #else
configure:11311: $? = 0
configure:11311: result: yes
configure:11311: checking for atexit
configure:11311: gcc -o conftest      conftest.c  >&5
configure:11311: $? = 0
configure:11311: result: yes
configure:11320: checking whether gethostbyname is declared
configure:11320: gcc -c     conftest.c >&5
configure:11320: $? = 0
configure:11320: result: yes
configure:11367: checking whether getaddrinfo is declared
configure:11367: gcc -c     conftest.c >&5
configure:11367: $? = 0
configure:11367: result: yes
configure:11414: checking whether gettimeofday is declared
configure:11414: gcc -c     conftest.c >&5
configure:11414: $? = 0
configure:11414: result: yes
configure:11461: checking whether gmtime_r is declared
configure:11461: gcc -c     conftest.c >&5
configure:11461: $? = 0
configure:11461: result: yes
configure:11508: checking whether gmtime_s is declared
configure:11508: gcc -c     conftest.c >&5
conftest.c: In function 'main':
conftest.c:83:10: error: 'gmtime_s' undeclared (first use in this function); did you mean 'gmtime_r'?
   83 |   (void) gmtime_s;
      |          ^~~~~~~~
      |          gmtime_r
conftest.c:83:10: note: each undeclared identifier is reported only once for each function it appears in
configure:11508: $? = 1
configure: failed program was:
| /* confdefs.h */
| #define PACKAGE_NAME "wolfssl"
| #define PACKAGE_TARNAME "wolfssl"
| #define PACKAGE_VERSION "5.6.6"
| #define PACKAGE_STRING "wolfssl 5.6.6"
| #define PACKAGE_BUGREPORT "https://github.com/wolfssl/wolfssl/issues"
| #define PACKAGE_URL "https://www.wolfssl.com"
| #define STDC_HEADERS 1
| #define HAVE_SYS_TYPES_H 1
| #define HAVE_SYS_STAT_H 1
| #define HAVE_STDLIB_H 1
| #define HAVE_STRING_H 1
| #define HAVE_MEMORY_H 1
| #define HAVE_STRINGS_H 1
| #define HAVE_INTTYPES_H 1
| #define HAVE_STDINT_H 1
| #define HAVE_UNISTD_H 1
| #define HAVE_DLFCN_H 1
| #define LT_OBJDIR ".libs/"
| #define HAVE_VISIBILITY 1
| #define SIZEOF_LONG_LONG 8
| #define SIZEOF_LONG 8
| #define SIZEOF_TIME_T 8
| #define HAVE___UINT128_T 1
| #define HAVE_ARPA_INET_H 1
| #define HAVE_FCNTL_H 1
| #define HAVE_LIMITS_H 1
| #define HAVE_NETDB_H 1
| #define HAVE_NETINET_IN_H 1
| #define HAVE_STDDEF_H 1
| #define HAVE_TIME_H 1
| #define HAVE_SYS_IOCTL_H 1
| #define HAVE_SYS_SOCKET_H 1
| #define HAVE_SYS_TIME_H 1
| #define HAVE_ERRNO_H 1
| #define HAVE_SYS_UN_H 1
| #define HAVE_C___ATOMIC 1
| #define HAVE_GETHOSTBYNAME 1
| #define HAVE_GETADDRINFO 1
| #define HAVE_GETTIMEOFDAY 1
| #define HAVE_GMTIME_R 1
| #define HAVE_INET_NTOA 1
| #define HAVE_MEMSET 1
| #define HAVE_SOCKET 1
| #define HAVE_STRFTIME 1
| #define HAVE_ATEXIT 1
| #define HAVE_DECL_GETHOSTBYNAME 1
| #define HAVE_DECL_GETADDRINFO 1
| #define HAVE_DECL_GETTIMEOFDAY 1
| #define HAVE_DECL_GMTIME_R 1
| /* end confdefs.h.  */
| 
| #ifdef HAVE_SYS_SOCKET_H
|     #include <sys/socket.h>
| #endif
| #ifdef HAVE_STRING_H
|     #include <string.h>
| #endif
| #ifdef HAVE_NETDB_H
|     #include <netdb.h>
| #endif
| #ifdef HAVE_ARPA_INET_H
|     #include <arpa/inet.h>
| #endif
| #ifdef HAVE_SYS_TIME_H
|     #include <sys/time.h>
| #endif
| #ifdef HAVE_TIME_H
|     #include <time.h>
| #endif
| #ifdef HAVE_STDLIB_H
|     #include <stdlib.h>
| #endif
| 
| 
| int
| main ()
| {
| #ifndef gmtime_s
| #ifdef __cplusplus
|   (void) gmtime_s;
| #else
|   (void) gmtime_s;
| #endif
| #endif
| 
|   ;
|   return 0;
| }
configure:11508: result: no
configure:11555: checking whether inet_ntoa is declared
configure:11555: gcc -c     conftest.c >&5
configure:11555: $? = 0
configure:11555: result: yes
configure:11602: checking whether memset is declared
configure:11602: gcc -c     conftest.c >&5
configure:11602: $? = 0
configure:11602: result: yes
configure:11649: checking whether socket is declared
configure:11649: gcc -c     conftest.c >&5
configure:11649: $? = 0
configure:11649: result: yes
configure:11696: checking whether strftime is declared
configure:11696: gcc -c     conftest.c >&5
configure:11696: $? = 0
configure:11696: result: yes
configure:11743: checking whether atexit is declared
configure:11743: gcc -c     conftest.c >&5
configure:11743: $? = 0
configure:11743: result: yes
configure:11793: checking for size_t
configure:11793: gcc -c     conftest.c >&5
configure:11793: $? = 0
configure:11793: gcc -c     conftest.c >&5
conftest.c: In function 'main':
conftest.c:94:21: error: expected expression before ')' token
   94 | if (sizeof ((size_t)))
      |                     ^
configure:11793: $? = 1
configure: failed program was:
| /* confdefs.h */
| #define PACKAGE_NAME "wolfssl"
| #define PACKAGE_TARNAME "wolfssl"
| #define PACKAGE_VERSION "5.6.6"
| #define PACKAGE_STRING "wolfssl 5.6.6"
| #define PACKAGE_BUGREPORT "https://github.com/wolfssl/wolfssl/issues"
| #define PACKAGE_URL "https://www.wolfssl.com"
| #define STDC_HEADERS 1
| #define HAVE_SYS_TYPES_H 1
| #define HAVE_SYS_STAT_H 1
| #define HAVE_STDLIB_H 1
| #define HAVE_STRING_H 1
| #define HAVE_MEMORY_H 1
| #define HAVE_STRINGS_H 1
| #define HAVE_INTTYPES_H 1
| #define HAVE_STDINT_H 1
| #define HAVE_UNISTD_H 1
| #define HAVE_DLFCN_H 1
| #define LT_OBJDIR ".libs/"
| #define HAVE_VISIBILITY 1
| #define SIZEOF_LONG_LONG 8
| #define SIZEOF_LONG 8
| #define SIZEOF_TIME_T 8
| #define HAVE___UINT128_T 1
| #define HAVE_ARPA_INET_H 1
| #define HAVE_FCNTL_H 1
| #define HAVE_LIMITS_H 1
| #define HAVE_NETDB_H 1
| #define HAVE_NETINET_IN_H 1
| #define HAVE_STDDEF_H 1
| #define HAVE_TIME_H 1
| #define HAVE_SYS_IOCTL_H 1
| #define HAVE_SYS_SOCKET_H 1
| #define HAVE_SYS_TIME_H 1
| #define HAVE_ERRNO_H 1
| #define HAVE_SYS_UN_H 1
| #define HAVE_C___ATOMIC 1
| #define HAVE_GETHOSTBYNAME 1
| #define HAVE_GETADDRINFO 1
| #define HAVE_GETTIMEOFDAY 1
| #define HAVE_GMTIME_R 1
| #define HAVE_INET_NTOA 1
| #define HAVE_MEMSET 1
| #define HAVE_SOCKET 1
| #define HAVE_STRFTIME 1
| #define HAVE_ATEXIT 1
| #define HAVE_DECL_GETHOSTBYNAME 1
| #define HAVE_DECL_GETADDRINFO 1
| #define HAVE_DECL_GETTIMEOFDAY 1
| #define HAVE_DECL_GMTIME_R 1
| #define HAVE_DECL_GMTIME_S 0
| #define HAVE_DECL_INET_NTOA 1
| #define HAVE_DECL_MEMSET 1
| #define HAVE_DECL_SOCKET 1
| #define HAVE_DECL_STRFTIME 1
| #define HAVE_DECL_ATEXIT 1
| /* end confdefs.h.  */
| #include <stdio.h>
| #ifdef HAVE_SYS_TYPES_H
| # include <sys/types.h>
| #endif
| #ifdef HAVE_SYS_STAT_H
| # include <sys/stat.h>
| #endif
| #ifdef STDC_HEADERS
| # include <stdlib.h>
| # include <stddef.h>
| #else
| # ifdef HAVE_STDLIB_H
| #  include <stdlib.h>
| # endif
| #endif
| #ifdef HAVE_STRING_H
| # if !defined STDC_HEADERS && defined HAVE_MEMORY_H
| #  include <memory.h>
| # endif
| # include <string.h>
| #endif
| #ifdef HAVE_STRINGS_H
| # include <strings.h>
| #endif
| #ifdef HAVE_INTTYPES_H
| # include <inttypes.h>
| #endif
| #ifdef HAVE_STDINT_H
| # include <stdint.h>
| #endif
| #ifdef HAVE_UNISTD_H
| # include <unistd.h>
| #endif
| int
| main ()
| {
| if (sizeof ((size_t)))
| 	    return 0;
|   ;
|   return 0;
| }
configure:11793: result: yes
configure:11804: checking for uint8_t
configure:11804: gcc -c     conftest.c >&5
configure:11804: $? = 0
configure:11804: result: yes
configure:11819: checking for uintptr_t
configure:11819: gcc -c     conftest.c >&5
configure:11819: $? = 0
configure:11819: gcc -c     conftest.c >&5
conftest.c: In function 'main':
conftest.c:94:24: error: expected expression before ')' token
   94 | if (sizeof ((uintptr_t)))
      |                        ^
configure:11819: $? = 1
configure: failed program was:
| /* confdefs.h */
| #define PACKAGE_NAME "wolfssl"
| #define PACKAGE_TARNAME "wolfssl"
| #define PACKAGE_VERSION "5.6.6"
| #define PACKAGE_STRING "wolfssl 5.6.6"
| #define PACKAGE_BUGREPORT "https://github.com/wolfssl/wolfssl/issues"
| #define PACKAGE_URL "https://www.wolfssl.com"
| #define STDC_HEADERS 1
| #define HAVE_SYS_TYPES_H 1
| #define HAVE_SYS_STAT_H 1
| #define HAVE_STDLIB_H 1
| #define HAVE_STRING_H 1
| #define HAVE_MEMORY_H 1
| #define HAVE_STRINGS_H 1
| #define HAVE_INTTYPES_H 1
| #define HAVE_STDINT_H 1
| #define HAVE_UNISTD_H 1
| #define HAVE_DLFCN_H 1
| #define LT_OBJDIR ".libs/"
| #define HAVE_VISIBILITY 1
| #define SIZEOF_LONG_LONG 8
| #define SIZEOF_LONG 8
| #define SIZEOF_TIME_T 8
| #define HAVE___UINT128_T 1
| #define HAVE_ARPA_INET_H 1
| #define HAVE_FCNTL_H 1
| #define HAVE_LIMITS_H 1
| #define HAVE_NETDB_H 1
| #define HAVE_NETINET_IN_H 1
| #define HAVE_STDDEF_H 1
| #define HAVE_TIME_H 1
| #define HAVE_SYS_IOCTL_H 1
| #define HAVE_SYS_SOCKET_H 1
| #define HAVE_SYS_TIME_H 1
| #define HAVE_ERRNO_H 1
| #define HAVE_SYS_UN_H 1
| #define HAVE_C___ATOMIC 1
| #define HAVE_GETHOSTBYNAME 1
| #define HAVE_GETADDRINFO 1
| #define HAVE_GETTIMEOFDAY 1
| #define HAVE_GMTIME_R 1
| #define HAVE_INET_NTOA 1
| #define HAVE_MEMSET 1
| #define HAVE_SOCKET 1
| #define HAVE_STRFTIME 1
| #define HAVE_ATEXIT 1
| #define HAVE_DECL_GETHOSTBYNAME 1
| #define HAVE_DECL_GETADDRINFO 1
| #define HAVE_DECL_GETTIMEOFDAY 1
| #define HAVE_DECL_GMTIME_R 1
| #define HAVE_DECL_GMTIME_S 0
| #define HAVE_DECL_INET_NTOA 1
| #define HAVE_DECL_MEMSET 1
| #define HAVE_DECL_SOCKET 1
| #define HAVE_DECL_STRFTIME 1
| #define HAVE_DECL_ATEXIT 1
| /* end confdefs.h.  */
| #include <stdio.h>
| #ifdef HAVE_SYS_TYPES_H
| # include <sys/types.h>
| #endif
| #ifdef HAVE_SYS_STAT_H
| # include <sys/stat.h>
| #endif
| #ifdef STDC_HEADERS
| # include <stdlib.h>
| # include <stddef.h>
| #else
| # ifdef HAVE_STDLIB_H
| #  include <stdlib.h>
| # endif
| #endif
| #ifdef HAVE_STRING_H
| # if !defined STDC_HEADERS && defined HAVE_MEMORY_H
| #  include <memory.h>
| # endif
| # include <string.h>
| #endif
| #ifdef HAVE_STRINGS_H
| # include <strings.h>
| #endif
| #ifdef HAVE_INTTYPES_H
| # include <inttypes.h>
| #endif
| #ifdef HAVE_STDINT_H
| # include <stdint.h>
| #endif
| #ifdef HAVE_UNISTD_H
| # include <unistd.h>
| #endif
| int
| main ()
| {
| if (sizeof ((uintptr_t)))
| 	    return 0;
|   ;
|   return 0;
| }
configure:11819: result: yes
configure:11864: checking dependency style of gcc
configure:11973: result: gcc3
configure:12015: checking for thread local storage (TLS) class
configure:12037: gcc -c     conftest.c >&5
conftest.c: In function 'main':
conftest.c:63:21: error: expected ';' before 'int'
   63 | static  thread_local  int bar;
      |                     ^ ~~~
      |                     ;
configure:12037: $? = 1
configure: failed program was:
| /* confdefs.h */
| #define PACKAGE_NAME "wolfssl"
| #define PACKAGE_TARNAME "wolfssl"
| #define PACKAGE_VERSION "5.6.6"
| #define PACKAGE_STRING "wolfssl 5.6.6"
| #define PACKAGE_BUGREPORT "https://github.com/wolfssl/wolfssl/issues"
| #define PACKAGE_URL "https://www.wolfssl.com"
| #define STDC_HEADERS 1
| #define HAVE_SYS_TYPES_H 1
| #define HAVE_SYS_STAT_H 1
| #define HAVE_STDLIB_H 1
| #define HAVE_STRING_H 1
| #define HAVE_MEMORY_H 1
| #define HAVE_STRINGS_H 1
| #define HAVE_INTTYPES_H 1
| #define HAVE_STDINT_H 1
| #define HAVE_UNISTD_H 1
| #define HAVE_DLFCN_H 1
| #define LT_OBJDIR ".libs/"
| #define HAVE_VISIBILITY 1
| #define SIZEOF_LONG_LONG 8
| #define SIZEOF_LONG 8
| #define SIZEOF_TIME_T 8
| #define HAVE___UINT128_T 1
| #define HAVE_ARPA_INET_H 1
| #define HAVE_FCNTL_H 1
| #define HAVE_LIMITS_H 1
| #define HAVE_NETDB_H 1
| #define HAVE_NETINET_IN_H 1
| #define HAVE_STDDEF_H 1
| #define HAVE_TIME_H 1
| #define HAVE_SYS_IOCTL_H 1
| #define HAVE_SYS_SOCKET_H 1
| #define HAVE_SYS_TIME_H 1
| #define HAVE_ERRNO_H 1
| #define HAVE_SYS_UN_H 1
| #define HAVE_C___ATOMIC 1
| #define HAVE_GETHOSTBYNAME 1
| #define HAVE_GETADDRINFO 1
| #define HAVE_GETTIMEOFDAY 1
| #define HAVE_GMTIME_R 1
| #define HAVE_INET_NTOA 1
| #define HAVE_MEMSET 1
| #define HAVE_SOCKET 1
| #define HAVE_STRFTIME 1
| #define HAVE_ATEXIT 1
| #define HAVE_DECL_GETHOSTBYNAME 1
| #define HAVE_DECL_GETADDRINFO 1
| #define HAVE_DECL_GETTIMEOFDAY 1
| #define HAVE_DECL_GMTIME_R 1
| #define HAVE_DECL_GMTIME_S 0
| #define HAVE_DECL_INET_NTOA 1
| #define HAVE_DECL_MEMSET 1
| #define HAVE_DECL_SOCKET 1
| #define HAVE_DECL_STRFTIME 1
| #define HAVE_DECL_ATEXIT 1
| #define HAVE_UINTPTR_T 1
| /* end confdefs.h.  */
| #include <stdlib.h>
| int
| main ()
| {
| static  thread_local  int bar;
| 
|   ;
|   return 0;
| }
configure:12037: gcc -c     conftest.c >&5
configure:12037: $? = 0
configure:12050: result: _Thread_local
configure:12090: checking for debug
configure:12092: result: no
configure:13666: checking whether gcc is Clang
configure:13691: result: no
configure:13753: checking whether pthreads work with "-pthread" and "-lpthread"
configure:13858: gcc -o conftest    -pthread   conftest.c -lpthread  >&5
configure:13858: $? = 0
configure:13867: result: yes
configure:13984: checking for joinable pthread attribute
configure:14002: gcc -o conftest    -pthread   conftest.c -lpthread  >&5
configure:14002: $? = 0
configure:14010: result: PTHREAD_CREATE_JOINABLE
configure:14024: checking whether more special flags are required for pthreads
configure:14037: result: no
configure:14045: checking for PTHREAD_PRIO_INHERIT
configure:14062: gcc -o conftest    -pthread   conftest.c -lpthread  >&5
configure:14062: $? = 0
configure:14071: result: yes
configure:22492: checking for fast RSA
configure:22507: result: no
configure:24550: checking for cos in -lm
configure:24575: gcc -o conftest      conftest.c -lm   -lpthread >&5
conftest.c:71:6: warning: conflicting types for built-in function 'cos'; expected 'double(double)' [-Wbuiltin-declaration-mismatch]
   71 | char cos ();
      |      ^~~
conftest.c:1:1: note: 'cos' is declared in header '<math.h>'
    1 | /* confdefs.h */
configure:24575: $? = 0
configure:24584: result: yes
configure:24662: checking for library containing gethostbyname
configure:24693: gcc -o conftest      conftest.c  -lpthread >&5
configure:24693: $? = 0
configure:24710: result: none required
configure:24718: checking for library containing socket
configure:24749: gcc -o conftest      conftest.c  -lpthread >&5
configure:24749: $? = 0
configure:24766: result: none required
configure:24817: checking for vcs system
configure:24837: result: none
configure:24846: checking for vcs checkout
configure:24858: result: no
configure:24930: checking whether the linker accepts -Werror
configure:24949: gcc -o conftest       -Werror conftest.c  -lpthread >&5
configure:24949: $? = 0
configure:24958: result: yes
configure:24972: checking whether the linker accepts -z relro -z now
configure:24991: gcc -o conftest      -Werror -z relro -z now conftest.c  -lpthread >&5
configure:24991: $? = 0
configure:25001: result: yes
configure:25013: checking whether the linker accepts -pie
configure:25032: gcc -o conftest      -Werror -pie conftest.c  -lpthread >&5
configure:25032: $? = 0
configure:25042: result: yes
configure:25156: checking whether C compiler accepts -Werror
configure:25175: gcc -c     -Werror  conftest.c >&5
configure:25175: $? = 0
configure:25184: result: yes
configure:25200: : ax_append_compile_cflags_extra="$ax_append_compile_cflags_extra"
configure:25203: $? = 0
configure:25464: checking whether C compiler accepts -Wno-pragmas
configure:25483: gcc -c     -Werror -Wno-pragmas  conftest.c >&5
configure:25483: $? = 0
configure:25492: result: yes
configure:25508: : CFLAGS="$CFLAGS"
configure:25511: $? = 0
configure:25540: checking whether C compiler accepts -Wall
configure:25559: gcc -c    -Wno-pragmas  -Werror -Wall  conftest.c >&5
configure:25559: $? = 0
configure:25568: result: yes
configure:25584: : CFLAGS="$CFLAGS"
configure:25587: $? = 0
configure:25615: checking whether C compiler accepts -Wextra
configure:25634: gcc -c    -Wno-pragmas -Wall  -Werror -Wextra  conftest.c >&5
configure:25634: $? = 0
configure:25643: result: yes
configure:25659: : CFLAGS="$CFLAGS"
configure:25662: $? = 0
configure:25690: checking whether C compiler accepts -Wunknown-pragmas
configure:25709: gcc -c    -Wno-pragmas -Wall -Wextra  -Werror -Wunknown-pragmas  conftest.c >&5
configure:25709: $? = 0
configure:25718: result: yes
configure:25734: : CFLAGS="$CFLAGS"
configure:25737: $? = 0
configure:25765: checking whether C compiler accepts -Wthis-test-should-fail
configure:25784: gcc -c    -Wno-pragmas -Wall -Wextra -Wunknown-pragmas  -Werror -Wthis-test-should-fail  conftest.c >&5
gcc: error: unrecognized command line option '-Wthis-test-should-fail'
configure:25784: $? = 1
configure: failed program was:
| /* confdefs.h */
| #define PACKAGE_NAME "wolfssl"
| #define PACKAGE_TARNAME "wolfssl"
| #define PACKAGE_VERSION "5.6.6"
| #define PACKAGE_STRING "wolfssl 5.6.6"
| #define PACKAGE_BUGREPORT "https://github.com/wolfssl/wolfssl/issues"
| #define PACKAGE_URL "https://www.wolfssl.com"
| #define STDC_HEADERS 1
| #define HAVE_SYS_TYPES_H 1
| #define HAVE_SYS_STAT_H 1
| #define HAVE_STDLIB_H 1
| #define HAVE_STRING_H 1
| #define HAVE_MEMORY_H 1
| #define HAVE_STRINGS_H 1
| #define HAVE_INTTYPES_H 1
| #define HAVE_STDINT_H 1
| #define HAVE_UNISTD_H 1
| #define HAVE_DLFCN_H 1
| #define LT_OBJDIR ".libs/"
| #define HAVE_VISIBILITY 1
| #define SIZEOF_LONG_LONG 8
| #define SIZEOF_LONG 8
| #define SIZEOF_TIME_T 8
| #define HAVE___UINT128_T 1
| #define HAVE_ARPA_INET_H 1
| #define HAVE_FCNTL_H 1
| #define HAVE_LIMITS_H 1
| #define HAVE_NETDB_H 1
| #define HAVE_NETINET_IN_H 1
| #define HAVE_STDDEF_H 1
| #define HAVE_TIME_H 1
| #define HAVE_SYS_IOCTL_H 1
| #define HAVE_SYS_SOCKET_H 1
| #define HAVE_SYS_TIME_H 1
| #define HAVE_ERRNO_H 1
| #define HAVE_SYS_UN_H 1
| #define HAVE_C___ATOMIC 1
| #define HAVE_GETHOSTBYNAME 1
| #define HAVE_GETADDRINFO 1
| #define HAVE_GETTIMEOFDAY 1
| #define HAVE_GMTIME_R 1
| #define HAVE_INET_NTOA 1
| #define HAVE_MEMSET 1
| #define HAVE_SOCKET 1
| #define HAVE_STRFTIME 1
| #define HAVE_ATEXIT 1
| #define HAVE_DECL_GETHOSTBYNAME 1
| #define HAVE_DECL_GETADDRINFO 1
| #define HAVE_DECL_GETTIMEOFDAY 1
| #define HAVE_DECL_GMTIME_R 1
| #define HAVE_DECL_GMTIME_S 0
| #define HAVE_DECL_INET_NTOA 1
| #define HAVE_DECL_MEMSET 1
| #define HAVE_DECL_SOCKET 1
| #define HAVE_DECL_STRFTIME 1
| #define HAVE_DECL_ATEXIT 1
| #define HAVE_UINTPTR_T 1
| #define TLS _Thread_local
| #define DEBUG 0
| #define HAVE_PTHREAD_PRIO_INHERIT 1
| #define HAVE_PTHREAD 1
| #define BUILD_USER_RSA /**/
| #define VCS_SYSTEM "none"
| #define VCS_CHECKOUT 0
| /* end confdefs.h.  */
| 
| int
| main ()
| {
| 
|   ;
|   return 0;
| }
configure:25793: result: no
configure:25844: checking whether C compiler accepts --param=ssp-buffer-size=1
configure:25863: gcc -c    -Wno-pragmas -Wall -Wextra -Wunknown-pragmas  -Werror --param=ssp-buffer-size=1  conftest.c >&5
configure:25863: $? = 0
configure:25872: result: yes
configure:25888: : CFLAGS="$CFLAGS"
configure:25891: $? = 0
configure:25921: checking whether C compiler accepts -Waddress
configure:25940: gcc -c    -Wno-pragmas -Wall -Wextra -Wunknown-pragmas --param=ssp-buffer-size=1  -Werror -Waddress  conftest.c >&5
configure:25940: $? = 0
configure:25949: result: yes
configure:25965: : CFLAGS="$CFLAGS"
configure:25968: $? = 0
configure:25996: checking whether C compiler accepts -Warray-bounds
configure:26015: gcc -c    -Wno-pragmas -Wall -Wextra -Wunknown-pragmas --param=ssp-buffer-size=1 -Waddress  -Werror -Warray-bounds  conftest.c >&5
configure:26015: $? = 0
configure:26024: result: yes
configure:26040: : CFLAGS="$CFLAGS"
configure:26043: $? = 0
configure:26071: checking whether C compiler accepts -Wbad-function-cast
configure:26090: gcc -c    -Wno-pragmas -Wall -Wextra -Wunknown-pragmas --param=ssp-buffer-size=1 -Waddress -Warray-bounds  -Werror -Wbad-function-cast  conftest.c >&5
configure:26090: $? = 0
configure:26099: result: yes
configure:26115: : CFLAGS="$CFLAGS"
configure:26118: $? = 0
configure:26146: checking whether C compiler accepts -Wchar-subscripts
configure:26165: gcc -c    -Wno-pragmas -Wall -Wextra -Wunknown-pragmas --param=ssp-buffer-size=1 -Waddress -Warray-bounds -Wbad-function-cast  -Werror -Wchar-subscripts  conftest.c >&5
configure:26165: $? = 0
configure:26174: result: yes
configure:26190: : CFLAGS="$CFLAGS"
configure:26193: $? = 0
configure:26221: checking whether C compiler accepts -Wcomment
configure:26240: gcc -c    -Wno-pragmas -Wall -Wextra -Wunknown-pragmas --param=ssp-buffer-size=1 -Waddress -Warray-bounds -Wbad-function-cast -Wchar-subscripts  -Werror -Wcomment  conftest.c >&5
configure:26240: $? = 0
configure:26249: result: yes
configure:26265: : CFLAGS="$CFLAGS"
configure:26268: $? = 0
configure:26296: checking whether C compiler accepts -Wfloat-equal
configure:26315: gcc -c    -Wno-pragmas -Wall -Wextra -Wunknown-pragmas --param=ssp-buffer-size=1 -Waddress -Warray-bounds -Wbad-function-cast -Wchar-subscripts -Wcomment  -Werror -Wfloat-equal  conftest.c >&5
configure:26315: $? = 0
configure:26324: result: yes
configure:26340: : CFLAGS="$CFLAGS"
configure:26343: $? = 0
configure:26371: checking whether C compiler accepts -Wformat-security
configure:26390: gcc -c    -Wno-pragmas -Wall -Wextra -Wunknown-pragmas --param=ssp-buffer-size=1 -Waddress -Warray-bounds -Wbad-function-cast -Wchar-subscripts -Wcomment -Wfloat-equal  -Werror -Wformat-security  conftest.c >&5
configure:26390: $? = 0
configure:26399: result: yes
configure:26415: : CFLAGS="$CFLAGS"
configure:26418: $? = 0
configure:26446: checking whether C compiler accepts -Wformat=2
configure:26465: gcc -c    -Wno-pragmas -Wall -Wextra -Wunknown-pragmas --param=ssp-buffer-size=1 -Waddress -Warray-bounds -Wbad-function-cast -Wchar-subscripts -Wcomment -Wfloat-equal -Wformat-security  -Werror -Wformat=2  conftest.c >&5
configure:26465: $? = 0
configure:26474: result: yes
configure:26490: : CFLAGS="$CFLAGS"
configure:26493: $? = 0
configure:26521: checking whether C compiler accepts -Wmaybe-uninitialized
configure:26540: gcc -c    -Wno-pragmas -Wall -Wextra -Wunknown-pragmas --param=ssp-buffer-size=1 -Waddress -Warray-bounds -Wbad-function-cast -Wchar-subscripts -Wcomment -Wfloat-equal -Wformat-security -Wformat=2  -Werror -Wmaybe-uninitialized  conftest.c >&5
configure:26540: $? = 0
configure:26549: result: yes
configure:26565: : CFLAGS="$CFLAGS"
configure:26568: $? = 0
configure:26596: checking whether C compiler accepts -Wmissing-field-initializers
configure:26615: gcc -c    -Wno-pragmas -Wall -Wextra -Wunknown-pragmas --param=ssp-buffer-size=1 -Waddress -Warray-bounds -Wbad-function-cast -Wchar-subscripts -Wcomment -Wfloat-equal -Wformat-security -Wformat=2 -Wmaybe-uninitialized  -Werror -Wmissing-field-initializers  conftest.c >&5
configure:26615: $? = 0
configure:26624: result: yes
configure:26640: : CFLAGS="$CFLAGS"
configure:26643: $? = 0
configure:26671: checking whether C compiler accepts -Wmissing-noreturn
configure:26690: gcc -c    -Wno-pragmas -Wall -Wextra -Wunknown-pragmas --param=ssp-buffer-size=1 -Waddress -Warray-bounds -Wbad-function-cast -Wchar-subscripts -Wcomment -Wfloat-equal -Wformat-security -Wformat=2 -Wmaybe-uninitialized -Wmissing-field-initializers  -Werror -Wmissing-noreturn  conftest.c >&5
configure:26690: $? = 0
configure:26699: result: yes
configure:26715: : CFLAGS="$CFLAGS"
configure:26718: $? = 0
configure:26746: checking whether C compiler accepts -Wmissing-prototypes
configure:26765: gcc -c    -Wno-pragmas -Wall -Wextra -Wunknown-pragmas --param=ssp-buffer-size=1 -Waddress -Warray-bounds -Wbad-function-cast -Wchar-subscripts -Wcomment -Wfloat-equal -Wformat-security -Wformat=2 -Wmaybe-uninitialized -Wmissing-field-initializers -Wmissing-noreturn  -Werror -Wmissing-prototypes  conftest.c >&5
configure:26765: $? = 0
configure:26774: result: yes
configure:26790: : CFLAGS="$CFLAGS"
configure:26793: $? = 0
configure:26821: checking whether C compiler accepts -Wnested-externs
configure:26840: gcc -c    -Wno-pragmas -Wall -Wextra -Wunknown-pragmas --param=ssp-buffer-size=1 -Waddress -Warray-bounds -Wbad-function-cast -Wchar-subscripts -Wcomment -Wfloat-equal -Wformat-security -Wformat=2 -Wmaybe-uninitialized -Wmissing-field-initializers -Wmissing-noreturn -Wmissing-prototypes  -Werror -Wnested-externs  conftest.c >&5
configure:26840: $? = 0
configure:26849: result: yes
configure:26865: : CFLAGS="$CFLAGS"
configure:26868: $? = 0
configure:26896: checking whether C compiler accepts -Wnormalized=id
configure:26915: gcc -c    -Wno-pragmas -Wall -Wextra -Wunknown-pragmas --param=ssp-buffer-size=1 -Waddress -Warray-bounds -Wbad-function-cast -Wchar-subscripts -Wcomment -Wfloat-equal -Wformat-security -Wformat=2 -Wmaybe-uninitialized -Wmissing-field-initializers -Wmissing-noreturn -Wmissing-prototypes -Wnested-externs  -Werror -Wnormalized=id  conftest.c >&5
configure:26915: $? = 0
configure:26924: result: yes
configure:26940: : CFLAGS="$CFLAGS"
configure:26943: $? = 0
configure:26971: checking whether C compiler accepts -Woverride-init
configure:26990: gcc -c    -Wno-pragmas -Wall -Wextra -Wunknown-pragmas --param=ssp-buffer-size=1 -Waddress -Warray-bounds -Wbad-function-cast -Wchar-subscripts -Wcomment -Wfloat-equal -Wformat-security -Wformat=2 -Wmaybe-uninitialized -Wmissing-field-initializers -Wmissing-noreturn -Wmissing-prototypes -Wnested-externs -Wnormalized=id  -Werror -Woverride-init  conftest.c >&5
configure:26990: $? = 0
configure:26999: result: yes
configure:27015: : CFLAGS="$CFLAGS"
configure:27018: $? = 0
configure:27046: checking whether C compiler accepts -Wpointer-arith
configure:27065: gcc -c    -Wno-pragmas -Wall -Wextra -Wunknown-pragmas --param=ssp-buffer-size=1 -Waddress -Warray-bounds -Wbad-function-cast -Wchar-subscripts -Wcomment -Wfloat-equal -Wformat-security -Wformat=2 -Wmaybe-uninitialized -Wmissing-field-initializers -Wmissing-noreturn -Wmissing-prototypes -Wnested-externs -Wnormalized=id -Woverride-init  -Werror -Wpointer-arith  conftest.c >&5
configure:27065: $? = 0
configure:27074: result: yes
configure:27090: : CFLAGS="$CFLAGS"
configure:27093: $? = 0
configure:27121: checking whether C compiler accepts -Wpointer-sign
configure:27140: gcc -c    -Wno-pragmas -Wall -Wextra -Wunknown-pragmas --param=ssp-buffer-size=1 -Waddress -Warray-bounds -Wbad-function-cast -Wchar-subscripts -Wcomment -Wfloat-equal -Wformat-security -Wformat=2 -Wmaybe-uninitialized -Wmissing-field-initializers -Wmissing-noreturn -Wmissing-prototypes -Wnested-externs -Wnormalized=id -Woverride-init -Wpointer-arith  -Werror -Wpointer-sign  conftest.c >&5
configure:27140: $? = 0
configure:27149: result: yes
configure:27165: : CFLAGS="$CFLAGS"
configure:27168: $? = 0
configure:27196: checking whether C compiler accepts -Wshadow
configure:27215: gcc -c    -Wno-pragmas -Wall -Wextra -Wunknown-pragmas --param=ssp-buffer-size=1 -Waddress -Warray-bounds -Wbad-function-cast -Wchar-subscripts -Wcomment -Wfloat-equal -Wformat-security -Wformat=2 -Wmaybe-uninitialized -Wmissing-field-initializers -Wmissing-noreturn -Wmissing-prototypes -Wnested-externs -Wnormalized=id -Woverride-init -Wpointer-arith -Wpointer-sign  -Werror -Wshadow  conftest.c >&5
configure:27215: $? = 0
configure:27224: result: yes
configure:27240: : CFLAGS="$CFLAGS"
configure:27243: $? = 0
configure:27271: checking whether C compiler accepts -Wshorten-64-to-32
configure:27290: gcc -c    -Wno-pragmas -Wall -Wextra -Wunknown-pragmas --param=ssp-buffer-size=1 -Waddress -Warray-bounds -Wbad-function-cast -Wchar-subscripts -Wcomment -Wfloat-equal -Wformat-security -Wformat=2 -Wmaybe-uninitialized -Wmissing-field-initializers -Wmissing-noreturn -Wmissing-prototypes -Wnested-externs -Wnormalized=id -Woverride-init -Wpointer-arith -Wpointer-sign -Wshadow  -Werror -Wshorten-64-to-32  conftest.c >&5
gcc: error: unrecognized command line option '-Wshorten-64-to-32'
configure:27290: $? = 1
configure: failed program was:
| /* confdefs.h */
| #define PACKAGE_NAME "wolfssl"
| #define PACKAGE_TARNAME "wolfssl"
| #define PACKAGE_VERSION "5.6.6"
| #define PACKAGE_STRING "wolfssl 5.6.6"
| #define PACKAGE_BUGREPORT "https://github.com/wolfssl/wolfssl/issues"
| #define PACKAGE_URL "https://www.wolfssl.com"
| #define STDC_HEADERS 1
| #define HAVE_SYS_TYPES_H 1
| #define HAVE_SYS_STAT_H 1
| #define HAVE_STDLIB_H 1
| #define HAVE_STRING_H 1
| #define HAVE_MEMORY_H 1
| #define HAVE_STRINGS_H 1
| #define HAVE_INTTYPES_H 1
| #define HAVE_STDINT_H 1
| #define HAVE_UNISTD_H 1
| #define HAVE_DLFCN_H 1
| #define LT_OBJDIR ".libs/"
| #define HAVE_VISIBILITY 1
| #define SIZEOF_LONG_LONG 8
| #define SIZEOF_LONG 8
| #define SIZEOF_TIME_T 8
| #define HAVE___UINT128_T 1
| #define HAVE_ARPA_INET_H 1
| #define HAVE_FCNTL_H 1
| #define HAVE_LIMITS_H 1
| #define HAVE_NETDB_H 1
| #define HAVE_NETINET_IN_H 1
| #define HAVE_STDDEF_H 1
| #define HAVE_TIME_H 1
| #define HAVE_SYS_IOCTL_H 1
| #define HAVE_SYS_SOCKET_H 1
| #define HAVE_SYS_TIME_H 1
| #define HAVE_ERRNO_H 1
| #define HAVE_SYS_UN_H 1
| #define HAVE_C___ATOMIC 1
| #define HAVE_GETHOSTBYNAME 1
| #define HAVE_GETADDRINFO 1
| #define HAVE_GETTIMEOFDAY 1
| #define HAVE_GMTIME_R 1
| #define HAVE_INET_NTOA 1
| #define HAVE_MEMSET 1
| #define HAVE_SOCKET 1
| #define HAVE_STRFTIME 1
| #define HAVE_ATEXIT 1
| #define HAVE_DECL_GETHOSTBYNAME 1
| #define HAVE_DECL_GETADDRINFO 1
| #define HAVE_DECL_GETTIMEOFDAY 1
| #define HAVE_DECL_GMTIME_R 1
| #define HAVE_DECL_GMTIME_S 0
| #define HAVE_DECL_INET_NTOA 1
| #define HAVE_DECL_MEMSET 1
| #define HAVE_DECL_SOCKET 1
| #define HAVE_DECL_STRFTIME 1
| #define HAVE_DECL_ATEXIT 1
| #define HAVE_UINTPTR_T 1
| #define TLS _Thread_local
| #define DEBUG 0
| #define HAVE_PTHREAD_PRIO_INHERIT 1
| #define HAVE_PTHREAD 1
| #define BUILD_USER_RSA /**/
| #define VCS_SYSTEM "none"
| #define VCS_CHECKOUT 0
| /* end confdefs.h.  */
| 
| int
| main ()
| {
| 
|   ;
|   return 0;
| }
configure:27299: result: no
configure:27346: checking whether C compiler accepts -Wsign-compare
configure:27365: gcc -c    -Wno-pragmas -Wall -Wextra -Wunknown-pragmas --param=ssp-buffer-size=1 -Waddress -Warray-bounds -Wbad-function-cast -Wchar-subscripts -Wcomment -Wfloat-equal -Wformat-security -Wformat=2 -Wmaybe-uninitialized -Wmissing-field-initializers -Wmissing-noreturn -Wmissing-prototypes -Wnested-externs -Wnormalized=id -Woverride-init -Wpointer-arith -Wpointer-sign -Wshadow  -Werror -Wsign-compare  conftest.c >&5
configure:27365: $? = 0
configure:27374: result: yes
configure:27390: : CFLAGS="$CFLAGS"
configure:27393: $? = 0
configure:27421: checking whether C compiler accepts -Wstrict-overflow=1
configure:27440: gcc -c    -Wno-pragmas -Wall -Wextra -Wunknown-pragmas --param=ssp-buffer-size=1 -Waddress -Warray-bounds -Wbad-function-cast -Wchar-subscripts -Wcomment -Wfloat-equal -Wformat-security -Wformat=2 -Wmaybe-uninitialized -Wmissing-field-initializers -Wmissing-noreturn -Wmissing-prototypes -Wnested-externs -Wnormalized=id -Woverride-init -Wpointer-arith -Wpointer-sign -Wshadow -Wsign-compare  -Werror -Wstrict-overflow=1  conftest.c >&5
configure:27440: $? = 0
configure:27449: result: yes
configure:27465: : CFLAGS="$CFLAGS"
configure:27468: $? = 0
configure:27496: checking whether C compiler accepts -Wstrict-prototypes
configure:27515: gcc -c    -Wno-pragmas -Wall -Wextra -Wunknown-pragmas --param=ssp-buffer-size=1 -Waddress -Warray-bounds -Wbad-function-cast -Wchar-subscripts -Wcomment -Wfloat-equal -Wformat-security -Wformat=2 -Wmaybe-uninitialized -Wmissing-field-initializers -Wmissing-noreturn -Wmissing-prototypes -Wnested-externs -Wnormalized=id -Woverride-init -Wpointer-arith -Wpointer-sign -Wshadow -Wsign-compare -Wstrict-overflow=1  -Werror -Wstrict-prototypes  conftest.c >&5
conftest.c:68:1: error: function declaration isn't a prototype [-Werror=strict-prototypes]
   68 | main ()
      | ^~~~
cc1: all warnings being treated as errors
configure:27515: $? = 1
configure: failed program was:
| /* confdefs.h */
| #define PACKAGE_NAME "wolfssl"
| #define PACKAGE_TARNAME "wolfssl"
| #define PACKAGE_VERSION "5.6.6"
| #define PACKAGE_STRING "wolfssl 5.6.6"
| #define PACKAGE_BUGREPORT "https://github.com/wolfssl/wolfssl/issues"
| #define PACKAGE_URL "https://www.wolfssl.com"
| #define STDC_HEADERS 1
| #define HAVE_SYS_TYPES_H 1
| #define HAVE_SYS_STAT_H 1
| #define HAVE_STDLIB_H 1
| #define HAVE_STRING_H 1
| #define HAVE_MEMORY_H 1
| #define HAVE_STRINGS_H 1
| #define HAVE_INTTYPES_H 1
| #define HAVE_STDINT_H 1
| #define HAVE_UNISTD_H 1
| #define HAVE_DLFCN_H 1
| #define LT_OBJDIR ".libs/"
| #define HAVE_VISIBILITY 1
| #define SIZEOF_LONG_LONG 8
| #define SIZEOF_LONG 8
| #define SIZEOF_TIME_T 8
| #define HAVE___UINT128_T 1
| #define HAVE_ARPA_INET_H 1
| #define HAVE_FCNTL_H 1
| #define HAVE_LIMITS_H 1
| #define HAVE_NETDB_H 1
| #define HAVE_NETINET_IN_H 1
| #define HAVE_STDDEF_H 1
| #define HAVE_TIME_H 1
| #define HAVE_SYS_IOCTL_H 1
| #define HAVE_SYS_SOCKET_H 1
| #define HAVE_SYS_TIME_H 1
| #define HAVE_ERRNO_H 1
| #define HAVE_SYS_UN_H 1
| #define HAVE_C___ATOMIC 1
| #define HAVE_GETHOSTBYNAME 1
| #define HAVE_GETADDRINFO 1
| #define HAVE_GETTIMEOFDAY 1
| #define HAVE_GMTIME_R 1
| #define HAVE_INET_NTOA 1
| #define HAVE_MEMSET 1
| #define HAVE_SOCKET 1
| #define HAVE_STRFTIME 1
| #define HAVE_ATEXIT 1
| #define HAVE_DECL_GETHOSTBYNAME 1
| #define HAVE_DECL_GETADDRINFO 1
| #define HAVE_DECL_GETTIMEOFDAY 1
| #define HAVE_DECL_GMTIME_R 1
| #define HAVE_DECL_GMTIME_S 0
| #define HAVE_DECL_INET_NTOA 1
| #define HAVE_DECL_MEMSET 1
| #define HAVE_DECL_SOCKET 1
| #define HAVE_DECL_STRFTIME 1
| #define HAVE_DECL_ATEXIT 1
| #define HAVE_UINTPTR_T 1
| #define TLS _Thread_local
| #define DEBUG 0
| #define HAVE_PTHREAD_PRIO_INHERIT 1
| #define HAVE_PTHREAD 1
| #define BUILD_USER_RSA /**/
| #define VCS_SYSTEM "none"
| #define VCS_CHECKOUT 0
| /* end confdefs.h.  */
| 
| int
| main ()
| {
| 
|   ;
|   return 0;
| }
configure:27524: result: no
configure:27571: checking whether C compiler accepts -Wswitch-enum
configure:27590: gcc -c    -Wno-pragmas -Wall -Wextra -Wunknown-pragmas --param=ssp-buffer-size=1 -Waddress -Warray-bounds -Wbad-function-cast -Wchar-subscripts -Wcomment -Wfloat-equal -Wformat-security -Wformat=2 -Wmaybe-uninitialized -Wmissing-field-initializers -Wmissing-noreturn -Wmissing-prototypes -Wnested-externs -Wnormalized=id -Woverride-init -Wpointer-arith -Wpointer-sign -Wshadow -Wsign-compare -Wstrict-overflow=1  -Werror -Wswitch-enum  conftest.c >&5
configure:27590: $? = 0
configure:27599: result: yes
configure:27615: : CFLAGS="$CFLAGS"
configure:27618: $? = 0
configure:27646: checking whether C compiler accepts -Wundef
configure:27665: gcc -c    -Wno-pragmas -Wall -Wextra -Wunknown-pragmas --param=ssp-buffer-size=1 -Waddress -Warray-bounds -Wbad-function-cast -Wchar-subscripts -Wcomment -Wfloat-equal -Wformat-security -Wformat=2 -Wmaybe-uninitialized -Wmissing-field-initializers -Wmissing-noreturn -Wmissing-prototypes -Wnested-externs -Wnormalized=id -Woverride-init -Wpointer-arith -Wpointer-sign -Wshadow -Wsign-compare -Wstrict-overflow=1 -Wswitch-enum  -Werror -Wundef  conftest.c >&5
configure:27665: $? = 0
configure:27674: result: yes
configure:27690: : CFLAGS="$CFLAGS"
configure:27693: $? = 0
configure:27721: checking whether C compiler accepts -Wunused
configure:27740: gcc -c    -Wno-pragmas -Wall -Wextra -Wunknown-pragmas --param=ssp-buffer-size=1 -Waddress -Warray-bounds -Wbad-function-cast -Wchar-subscripts -Wcomment -Wfloat-equal -Wformat-security -Wformat=2 -Wmaybe-uninitialized -Wmissing-field-initializers -Wmissing-noreturn -Wmissing-prototypes -Wnested-externs -Wnormalized=id -Woverride-init -Wpointer-arith -Wpointer-sign -Wshadow -Wsign-compare -Wstrict-overflow=1 -Wswitch-enum -Wundef  -Werror -Wunused  conftest.c >&5
configure:27740: $? = 0
configure:27749: result: yes
configure:27765: : CFLAGS="$CFLAGS"
configure:27768: $? = 0
configure:27796: checking whether C compiler accepts -Wunused-result
configure:27815: gcc -c    -Wno-pragmas -Wall -Wextra -Wunknown-pragmas --param=ssp-buffer-size=1 -Waddress -Warray-bounds -Wbad-function-cast -Wchar-subscripts -Wcomment -Wfloat-equal -Wformat-security -Wformat=2 -Wmaybe-uninitialized -Wmissing-field-initializers -Wmissing-noreturn -Wmissing-prototypes -Wnested-externs -Wnormalized=id -Woverride-init -Wpointer-arith -Wpointer-sign -Wshadow -Wsign-compare -Wstrict-overflow=1 -Wswitch-enum -Wundef -Wunused  -Werror -Wunused-result  conftest.c >&5
configure:27815: $? = 0
configure:27824: result: yes
configure:27840: : CFLAGS="$CFLAGS"
configure:27843: $? = 0
configure:27871: checking whether C compiler accepts -Wunused-variable
configure:27890: gcc -c    -Wno-pragmas -Wall -Wextra -Wunknown-pragmas --param=ssp-buffer-size=1 -Waddress -Warray-bounds -Wbad-function-cast -Wchar-subscripts -Wcomment -Wfloat-equal -Wformat-security -Wformat=2 -Wmaybe-uninitialized -Wmissing-field-initializers -Wmissing-noreturn -Wmissing-prototypes -Wnested-externs -Wnormalized=id -Woverride-init -Wpointer-arith -Wpointer-sign -Wshadow -Wsign-compare -Wstrict-overflow=1 -Wswitch-enum -Wundef -Wunused -Wunused-result  -Werror -Wunused-variable  conftest.c >&5
configure:27890: $? = 0
configure:27899: result: yes
configure:27915: : CFLAGS="$CFLAGS"
configure:27918: $? = 0
configure:27946: checking whether C compiler accepts -Wwrite-strings
configure:27965: gcc -c    -Wno-pragmas -Wall -Wextra -Wunknown-pragmas --param=ssp-buffer-size=1 -Waddress -Warray-bounds -Wbad-function-cast -Wchar-subscripts -Wcomment -Wfloat-equal -Wformat-security -Wformat=2 -Wmaybe-uninitialized -Wmissing-field-initializers -Wmissing-noreturn -Wmissing-prototypes -Wnested-externs -Wnormalized=id -Woverride-init -Wpointer-arith -Wpointer-sign -Wshadow -Wsign-compare -Wstrict-overflow=1 -Wswitch-enum -Wundef -Wunused -Wunused-result -Wunused-variable  -Werror -Wwrite-strings  conftest.c >&5
configure:27965: $? = 0
configure:27974: result: yes
configure:27990: : CFLAGS="$CFLAGS"
configure:27993: $? = 0
configure:28021: checking whether C compiler accepts -fwrapv
configure:28040: gcc -c    -Wno-pragmas -Wall -Wextra -Wunknown-pragmas --param=ssp-buffer-size=1 -Waddress -Warray-bounds -Wbad-function-cast -Wchar-subscripts -Wcomment -Wfloat-equal -Wformat-security -Wformat=2 -Wmaybe-uninitialized -Wmissing-field-initializers -Wmissing-noreturn -Wmissing-prototypes -Wnested-externs -Wnormalized=id -Woverride-init -Wpointer-arith -Wpointer-sign -Wshadow -Wsign-compare -Wstrict-overflow=1 -Wswitch-enum -Wundef -Wunused -Wunused-result -Wunused-variable -Wwrite-strings  -Werror -fwrapv  conftest.c >&5
configure:28040: $? = 0
configure:28049: result: yes
configure:28065: : CFLAGS="$CFLAGS"
configure:28068: $? = 0
configure:31931: result: creating wolfssl-config - generic 5.6.6 for -lwolfssl -lpthread
configure:32056: checking the number of available CPUs
configure:32139: result: 8
configure:32156: adding automake macro support
configure:32160: creating aminclude.am
configure:32191: added jobserver support to make for 9 jobs
configure:32328: checking that generated files are newer than configure
configure:32334: result: done
configure:33002: creating ./config.status

## ---------------------- ##
## Running config.status. ##
## ---------------------- ##

This file was extended by wolfssl config.status 5.6.6, which was
generated by GNU Autoconf 2.69.  Invocation command line was

  CONFIG_FILES    = 
  CONFIG_HEADERS  = 
  CONFIG_LINKS    = 
  CONFIG_COMMANDS = 
  $ ./config.status 

on ubuntu

config.status:1531: creating stamp-h
config.status:1531: creating Makefile
config.status:1531: creating wolfssl/version.h
config.status:1531: creating wolfssl/options.h
config.status:1531: creating support/wolfssl.pc
config.status:1531: creating debian/control
config.status:1531: creating debian/changelog
config.status:1531: creating rpm/spec
config.status:1531: creating wolfcrypt/test/test_paths.h
config.status:1531: creating scripts/unit.test
config.status:1531: creating config.h
config.status:1712: config.h is unchanged
config.status:1760: executing depfiles commands
config.status:1837: cd .       && sed -e '/# am--include-marker/d' Makefile         | make -f - am--depfiles
make: Nothing to be done for 'am--depfiles'.
config.status:1842: $? = 0
config.status:1760: executing libtool commands
config.status:1760: executing wolfssl/wolfcrypt/async.h commands
config.status:1760: executing wolfssl/wolfcrypt/fips.h commands
config.status:1760: executing wolfssl/wolfcrypt/port/cavium/cavium_nitrox.h commands
config.status:1760: executing wolfssl/wolfcrypt/port/intel/quickassist.h commands
config.status:1760: executing wolfssl/wolfcrypt/port/intel/quickassist_mem.h commands
configure:35177: ---
configure:35179: Running make clean...
configure:35204: ---
configure:35206: Generating user options header...

## ---------------- ##
## Cache variables. ##
## ---------------- ##

ac_cv_build=x86_64-pc-linux-gnu
ac_cv_c___atomic=yes
ac_cv_c_bigendian=no
ac_cv_c_compiler_gnu=yes
ac_cv_c_uint8_t=yes
ac_cv_env_CCASFLAGS_set=
ac_cv_env_CCASFLAGS_value=
ac_cv_env_CCAS_set=
ac_cv_env_CCAS_value=
ac_cv_env_CC_set=
ac_cv_env_CC_value=
ac_cv_env_CFLAGS_set=
ac_cv_env_CFLAGS_value=
ac_cv_env_CPPFLAGS_set=
ac_cv_env_CPPFLAGS_value=
ac_cv_env_CPP_set=
ac_cv_env_CPP_value=
ac_cv_env_EXTRA_CCASFLAGS_set=
ac_cv_env_EXTRA_CCASFLAGS_value=
ac_cv_env_EXTRA_CFLAGS_set=
ac_cv_env_EXTRA_CFLAGS_value=
ac_cv_env_EXTRA_CPPFLAGS_set=
ac_cv_env_EXTRA_CPPFLAGS_value=
ac_cv_env_EXTRA_LDFLAGS_set=
ac_cv_env_EXTRA_LDFLAGS_value=
ac_cv_env_LDFLAGS_set=
ac_cv_env_LDFLAGS_value=
ac_cv_env_LIBS_set=
ac_cv_env_LIBS_value=
ac_cv_env_LT_SYS_LIBRARY_PATH_set=
ac_cv_env_LT_SYS_LIBRARY_PATH_value=
ac_cv_env_build_alias_set=
ac_cv_env_build_alias_value=
ac_cv_env_host_alias_set=
ac_cv_env_host_alias_value=
ac_cv_env_target_alias_set=
ac_cv_env_target_alias_value=
ac_cv_func_atexit=yes
ac_cv_func_getaddrinfo=yes
ac_cv_func_gethostbyname=yes
ac_cv_func_gettimeofday=yes
ac_cv_func_gmtime_r=yes
ac_cv_func_gmtime_s=no
ac_cv_func_inet_ntoa=yes
ac_cv_func_memset=yes
ac_cv_func_socket=yes
ac_cv_func_strftime=yes
ac_cv_have_decl_atexit=yes
ac_cv_have_decl_getaddrinfo=yes
ac_cv_have_decl_gethostbyname=yes
ac_cv_have_decl_gettimeofday=yes
ac_cv_have_decl_gmtime_r=yes
ac_cv_have_decl_gmtime_s=no
ac_cv_have_decl_inet_ntoa=yes
ac_cv_have_decl_memset=yes
ac_cv_have_decl_socket=yes
ac_cv_have_decl_strftime=yes
ac_cv_header_arpa_inet_h=yes
ac_cv_header_dlfcn_h=yes
ac_cv_header_errno_h=yes
ac_cv_header_fcntl_h=yes
ac_cv_header_inttypes_h=yes
ac_cv_header_limits_h=yes
ac_cv_header_memory_h=yes
ac_cv_header_netdb_h=yes
ac_cv_header_netinet_in_h=yes
ac_cv_header_stdatomic_h=yes
ac_cv_header_stdc=yes
ac_cv_header_stddef_h=yes
ac_cv_header_stdint_h=yes
ac_cv_header_stdlib_h=yes
ac_cv_header_string_h=yes
ac_cv_header_strings_h=yes
ac_cv_header_sys_ioctl_h=yes
ac_cv_header_sys_socket_h=yes
ac_cv_header_sys_stat_h=yes
ac_cv_header_sys_time_h=yes
ac_cv_header_sys_types_h=yes
ac_cv_header_sys_un_h=yes
ac_cv_header_time_h=yes
ac_cv_header_unistd_h=yes
ac_cv_host=x86_64-pc-linux-gnu
ac_cv_lib_m_cos=yes
ac_cv_lib_network_socket=no
ac_cv_objext=o
ac_cv_path_EGREP='/usr/bin/grep -E'
ac_cv_path_FGREP='/usr/bin/grep -F'
ac_cv_path_GREP=/usr/bin/grep
ac_cv_path_SED=/usr/bin/sed
ac_cv_path_install='/usr/bin/install -c'
ac_cv_path_lt_DD=/usr/bin/dd
ac_cv_path_mkdir=/usr/bin/mkdir
ac_cv_prog_AWK=mawk
ac_cv_prog_CPP='gcc -E'
ac_cv_prog_ac_ct_AR=ar
ac_cv_prog_ac_ct_CC=gcc
ac_cv_prog_ac_ct_MANIFEST_TOOL=mt
ac_cv_prog_ac_ct_OBJDUMP=objdump
ac_cv_prog_ac_ct_RANLIB=ranlib
ac_cv_prog_ac_ct_STRIP=strip
ac_cv_prog_cc_c89=
ac_cv_prog_cc_g=yes
ac_cv_prog_make_make_set=yes
ac_cv_search_gethostbyname='none required'
ac_cv_search_socket='none required'
ac_cv_sizeof_long=8
ac_cv_sizeof_long_long=8
ac_cv_sizeof_time_t=8
ac_cv_target=x86_64-pc-linux-gnu
ac_cv_tls=_Thread_local
ac_cv_type___uint128_t=yes
ac_cv_type_size_t=yes
ac_cv_type_uintptr_t=yes
ac_cv_vcs_checkout=no
ac_cv_vcs_system=none
ac_cv_warnings_as_errors=no
am_cv_CCAS_dependencies_compiler_type=gcc3
am_cv_CC_dependencies_compiler_type=gcc3
am_cv_make_support_nested_variables=yes
am_cv_prog_cc_c_o=yes
am_cv_prog_tar_ustar=gnutar
ax_cv_PTHREAD_CLANG=no
ax_cv_PTHREAD_JOINABLE_ATTR=PTHREAD_CREATE_JOINABLE
ax_cv_PTHREAD_PRIO_INHERIT=yes
ax_cv_PTHREAD_SPECIAL_FLAGS=no
ax_cv_check_cflags__Waddress=yes
ax_cv_check_cflags__Wall=yes
ax_cv_check_cflags__Warray_bounds=yes
ax_cv_check_cflags__Wbad_function_cast=yes
ax_cv_check_cflags__Wchar_subscripts=yes
ax_cv_check_cflags__Wcomment=yes
ax_cv_check_cflags__Wextra=yes
ax_cv_check_cflags__Wfloat_equal=yes
ax_cv_check_cflags__Wformat_2=yes
ax_cv_check_cflags__Wformat_security=yes
ax_cv_check_cflags__Wmaybe_uninitialized=yes
ax_cv_check_cflags__Wmissing_field_initializers=yes
ax_cv_check_cflags__Wmissing_noreturn=yes
ax_cv_check_cflags__Wmissing_prototypes=yes
ax_cv_check_cflags__Wnested_externs=yes
ax_cv_check_cflags__Wno_pragmas=yes
ax_cv_check_cflags__Wnormalized_id=yes
ax_cv_check_cflags__Woverride_init=yes
ax_cv_check_cflags__Wpointer_arith=yes
ax_cv_check_cflags__Wpointer_sign=yes
ax_cv_check_cflags__Wshadow=yes
ax_cv_check_cflags__Wshorten_64_to_32=no
ax_cv_check_cflags__Wsign_compare=yes
ax_cv_check_cflags__Wstrict_overflow_1=yes
ax_cv_check_cflags__Wstrict_prototypes=no
ax_cv_check_cflags__Wswitch_enum=yes
ax_cv_check_cflags__Wthis_test_should_fail=no
ax_cv_check_cflags__Wundef=yes
ax_cv_check_cflags__Wunknown_pragmas=yes
ax_cv_check_cflags__Wunused=yes
ax_cv_check_cflags__Wunused_result=yes
ax_cv_check_cflags__Wunused_variable=yes
ax_cv_check_cflags__Wwrite_strings=yes
ax_cv_check_cflags___Werror=yes
ax_cv_check_cflags___param_ssp_buffer_size_1=yes
ax_cv_check_cflags__fwrapv=yes
ax_cv_check_ldflags___Werror=yes
ax_cv_check_ldflags__pie=yes
ax_cv_check_ldflags__z_relro__z_now=yes
gl_cv_cc_vis_werror=yes
gl_cv_cc_visibility=yes
lt_cv_ar_at_file=@
lt_cv_archive_cmds_need_lc=no
lt_cv_deplibs_check_method=pass_all
lt_cv_file_magic_cmd='$MAGIC_CMD'
lt_cv_file_magic_test_file=
lt_cv_ld_reload_flag=-r
lt_cv_nm_interface='BSD nm'
lt_cv_objdir=.libs
lt_cv_path_LD=/usr/bin/ld
lt_cv_path_NM='/usr/bin/nm -B'
lt_cv_path_mainfest_tool=no
lt_cv_prog_compiler_c_o=yes
lt_cv_prog_compiler_pic='-fPIC -DPIC'
lt_cv_prog_compiler_pic_works=yes
lt_cv_prog_compiler_rtti_exceptions=no
lt_cv_prog_compiler_static_works=yes
lt_cv_prog_gnu_ld=yes
lt_cv_sharedlib_from_linklib_cmd='printf %s\n'
lt_cv_shlibpath_overrides_runpath=yes
lt_cv_sys_global_symbol_pipe='sed -n -e '\''s/^.*[	 ]\([ABCDGIRSTW][ABCDGIRSTW]*\)[	 ][	 ]*\([_A-Za-z][_A-Za-z0-9]*\)$/\1 \2 \2/p'\'' | sed '\''/ __gnu_lto/d'\'''
lt_cv_sys_global_symbol_to_c_name_address='sed -n -e '\''s/^: \(.*\) .*$/  {"\1", (void *) 0},/p'\'' -e '\''s/^[ABCDGIRSTW][ABCDGIRSTW]* .* \(.*\)$/  {"\1", (void *) \&\1},/p'\'''
lt_cv_sys_global_symbol_to_c_name_address_lib_prefix='sed -n -e '\''s/^: \(.*\) .*$/  {"\1", (void *) 0},/p'\'' -e '\''s/^[ABCDGIRSTW][ABCDGIRSTW]* .* \(lib.*\)$/  {"\1", (void *) \&\1},/p'\'' -e '\''s/^[ABCDGIRSTW][ABCDGIRSTW]* .* \(.*\)$/  {"lib\1", (void *) \&\1},/p'\'''
lt_cv_sys_global_symbol_to_cdecl='sed -n -e '\''s/^T .* \(.*\)$/extern int \1();/p'\'' -e '\''s/^[ABCDGIRSTW][ABCDGIRSTW]* .* \(.*\)$/extern char \1;/p'\'''
lt_cv_sys_global_symbol_to_import=
lt_cv_sys_max_cmd_len=1572864
lt_cv_to_host_file_cmd=func_convert_file_noop
lt_cv_to_tool_file_cmd=func_convert_file_noop
lt_cv_truncate_bin='/usr/bin/dd bs=4096 count=1'

## ----------------- ##
## Output variables. ##
## ----------------- ##

ACLOCAL='${SHELL} /home/ljk/Desktop/wolfssl-5.6.6/build-aux/missing aclocal-1.16'
AMDEPBACKSLASH='\'
AMDEP_FALSE='#'
AMDEP_TRUE=''
AMINCLUDE='aminclude.am'
AMTAR='$${TAR-tar}'
AM_BACKSLASH='\'
AM_CCASFLAGS=' -DNDEBUG -DWOLFSSL_X86_64_BUILD -DWOLFSSL_USER_SETTINGS -DWOLFSSL_USER_SETTINGS_ASM '
AM_CFLAGS='-DWOLFSSL_USER_SETTINGS -DWOLFSSL_USER_SETTINGS_ASM -Wall -Wno-unused -O2 -DHAVE___UINT128_T=1 -DHAVE_WC_INTROSPECTION -include ./.build_params '
AM_CPPFLAGS=' -DWOLFSSL_HAVE_ATOMIC_H '
AM_DEFAULT_V='$(AM_DEFAULT_VERBOSITY)'
AM_DEFAULT_VERBOSITY='0'
AM_LDFLAGS=' '
AM_V='$(V)'
AR='ar'
AS='as'
ASFLAGS_FPUSIMD_DISABLE=''
ASFLAGS_FPUSIMD_ENABLE=''
ASFLAGS_FPU_DISABLE_SIMD_ENABLE=''
ASFLAGS_FPU_ENABLE_SIMD_DISABLE=''
AUTOCONF='${SHELL} /home/ljk/Desktop/wolfssl-5.6.6/build-aux/missing autoconf'
AUTOHEADER='${SHELL} /home/ljk/Desktop/wolfssl-5.6.6/build-aux/missing autoheader'
AUTOMAKE='${SHELL} /home/ljk/Desktop/wolfssl-5.6.6/build-aux/missing automake-1.16'
AWK='mawk'
BUILD_AESCCM_FALSE='#'
BUILD_AESCCM_TRUE=''
BUILD_AESGCM_FALSE='#'
BUILD_AESGCM_TRUE=''
BUILD_AESNI_FALSE=''
BUILD_AESNI_TRUE='#'
BUILD_AES_FALSE='#'
BUILD_AES_TRUE=''
BUILD_AFALG_FALSE=''
BUILD_AFALG_TRUE='#'
BUILD_ALL_FALSE=''
BUILD_ALL_TRUE='#'
BUILD_ARIA_FALSE=''
BUILD_ARIA_TRUE='#'
BUILD_ARMASM_CRYPTO_FALSE=''
BUILD_ARMASM_CRYPTO_TRUE='#'
BUILD_ARMASM_FALSE=''
BUILD_ARMASM_INLINE_FALSE=''
BUILD_ARMASM_INLINE_TRUE='#'
BUILD_ARMASM_NEON_FALSE=''
BUILD_ARMASM_NEON_TRUE='#'
BUILD_ARMASM_TRUE='#'
BUILD_ASN_FALSE='#'
BUILD_ASN_TRUE=''
BUILD_ASYNCCRYPT_FALSE=''
BUILD_ASYNCCRYPT_TRUE='#'
BUILD_BENCHMARK_FALSE='#'
BUILD_BENCHMARK_TRUE=''
BUILD_BLAKE2S_FALSE='#'
BUILD_BLAKE2S_TRUE=''
BUILD_BLAKE2_FALSE='#'
BUILD_BLAKE2_TRUE=''
BUILD_CAAM_FALSE=''
BUILD_CAAM_TRUE='#'
BUILD_CAMELLIA_FALSE='#'
BUILD_CAMELLIA_TRUE=''
BUILD_CAVIUM_FALSE=''
BUILD_CAVIUM_TRUE='#'
BUILD_CAVIUM_V_FALSE=''
BUILD_CAVIUM_V_TRUE='#'
BUILD_CHACHA_FALSE='#'
BUILD_CHACHA_TRUE=''
BUILD_CMAC_FALSE='#'
BUILD_CMAC_TRUE=''
BUILD_CODING_FALSE='#'
BUILD_CODING_TRUE=''
BUILD_CRL_FALSE='#'
BUILD_CRL_MONITOR_FALSE=''
BUILD_CRL_MONITOR_TRUE='#'
BUILD_CRL_TRUE=''
BUILD_CRYPTOAUTHLIB_FALSE=''
BUILD_CRYPTOAUTHLIB_TRUE='#'
BUILD_CRYPTOCB_FALSE='#'
BUILD_CRYPTOCB_TRUE=''
BUILD_CRYPTONLY_FALSE=''
BUILD_CRYPTONLY_TRUE='#'
BUILD_CURVE25519_FALSE='#'
BUILD_CURVE25519_SMALL_FALSE='#'
BUILD_CURVE25519_SMALL_TRUE=''
BUILD_CURVE25519_TRUE=''
BUILD_CURVE448_FALSE='#'
BUILD_CURVE448_SMALL_FALSE='#'
BUILD_CURVE448_SMALL_TRUE=''
BUILD_CURVE448_TRUE=''
BUILD_DES3_FALSE='#'
BUILD_DES3_TRUE=''
BUILD_DEVCRYPTO_FALSE=''
BUILD_DEVCRYPTO_TRUE='#'
BUILD_DH_FALSE='#'
BUILD_DH_TRUE=''
BUILD_DISTRO_FALSE=''
BUILD_DISTRO_TRUE='#'
BUILD_DO178_FALSE=''
BUILD_DO178_TRUE='#'
BUILD_DSA_FALSE='#'
BUILD_DSA_TRUE=''
BUILD_DTLS13_FALSE='#'
BUILD_DTLS13_TRUE=''
BUILD_DTLS_CID_FALSE=''
BUILD_DTLS_CID_TRUE='#'
BUILD_DTLS_FALSE='#'
BUILD_DTLS_TRUE=''
BUILD_ECCSI_FALSE='#'
BUILD_ECCSI_TRUE=''
BUILD_ECC_FALSE='#'
BUILD_ECC_TRUE=''
BUILD_ED25519_FALSE='#'
BUILD_ED25519_SMALL_FALSE='#'
BUILD_ED25519_SMALL_TRUE=''
BUILD_ED25519_TRUE=''
BUILD_ED448_FALSE='#'
BUILD_ED448_SMALL_FALSE=''
BUILD_ED448_SMALL_TRUE='#'
BUILD_ED448_TRUE=''
BUILD_ERROR_STRINGS_FALSE='#'
BUILD_ERROR_STRINGS_TRUE=''
BUILD_EXAMPLE_ASN1_FALSE='#'
BUILD_EXAMPLE_ASN1_TRUE=''
BUILD_EXAMPLE_CLIENTS_FALSE='#'
BUILD_EXAMPLE_CLIENTS_TRUE=''
BUILD_EXAMPLE_SERVERS_FALSE='#'
BUILD_EXAMPLE_SERVERS_TRUE=''
BUILD_FASTMATH_FALSE='#'
BUILD_FASTMATH_TRUE=''
BUILD_FAST_RSA_FALSE=''
BUILD_FAST_RSA_TRUE='#'
BUILD_FE448_FALSE='#'
BUILD_FE448_TRUE=''
BUILD_FEMATH_FALSE='#'
BUILD_FEMATH_TRUE=''
BUILD_FIPS_CURRENT_FALSE=''
BUILD_FIPS_CURRENT_TRUE='#'
BUILD_FIPS_FALSE=''
BUILD_FIPS_RAND_FALSE=''
BUILD_FIPS_RAND_TRUE='#'
BUILD_FIPS_TRUE='#'
BUILD_FIPS_V1_FALSE=''
BUILD_FIPS_V1_TRUE='#'
BUILD_FIPS_V2_FALSE=''
BUILD_FIPS_V2_TRUE='#'
BUILD_FIPS_V5_FALSE=''
BUILD_FIPS_V5_TRUE='#'
BUILD_GE448_FALSE='#'
BUILD_GE448_TRUE=''
BUILD_GEMATH_FALSE='#'
BUILD_GEMATH_TRUE=''
BUILD_HASHFLAGS_FALSE=''
BUILD_HASHFLAGS_TRUE='#'
BUILD_HEAPMATH_FALSE='#'
BUILD_HEAPMATH_TRUE=''
BUILD_HMAC_FALSE='#'
BUILD_HMAC_TRUE=''
BUILD_HPKE_FALSE='#'
BUILD_HPKE_TRUE=''
BUILD_INLINE_FALSE='#'
BUILD_INLINE_TRUE=''
BUILD_INTELASM_FALSE=''
BUILD_INTELASM_TRUE='#'
BUILD_INTEL_QA_FALSE=''
BUILD_INTEL_QA_SYNC_FALSE=''
BUILD_INTEL_QA_SYNC_TRUE='#'
BUILD_INTEL_QA_TRUE='#'
BUILD_IOTSAFE_FALSE=''
BUILD_IOTSAFE_HWRNG_FALSE=''
BUILD_IOTSAFE_HWRNG_TRUE='#'
BUILD_IOTSAFE_TRUE='#'
BUILD_IPV6_FALSE=''
BUILD_IPV6_TRUE='#'
BUILD_KCAPI_FALSE=''
BUILD_KCAPI_TRUE='#'
BUILD_KDF_FALSE='#'
BUILD_KDF_TRUE=''
BUILD_LEANPSK_FALSE=''
BUILD_LEANPSK_TRUE='#'
BUILD_LEANTLS_FALSE=''
BUILD_LEANTLS_TRUE='#'
BUILD_LIBLMS_FALSE=''
BUILD_LIBLMS_TRUE='#'
BUILD_LIBOQS_FALSE=''
BUILD_LIBOQS_TRUE='#'
BUILD_LIBXMSS_FALSE=''
BUILD_LIBXMSS_TRUE='#'
BUILD_LIBZ_FALSE='#'
BUILD_LIBZ_TRUE=''
BUILD_LINUXKM_FALSE=''
BUILD_LINUXKM_TRUE='#'
BUILD_LOWMEM_FALSE=''
BUILD_LOWMEM_TRUE='#'
BUILD_MAXQ10XX_FALSE=''
BUILD_MAXQ10XX_TRUE='#'
BUILD_MCAPI_FALSE=''
BUILD_MCAPI_TRUE='#'
BUILD_MCAST_FALSE=''
BUILD_MCAST_TRUE='#'
BUILD_MD2_FALSE='#'
BUILD_MD2_TRUE=''
BUILD_MD4_FALSE='#'
BUILD_MD4_TRUE=''
BUILD_MD5_FALSE='#'
BUILD_MD5_TRUE=''
BUILD_MEMORY_FALSE='#'
BUILD_MEMORY_TRUE=''
BUILD_NO_LIBRARY_FALSE=''
BUILD_NO_LIBRARY_TRUE='#'
BUILD_OCSP_FALSE='#'
BUILD_OCSP_STAPLING_FALSE=''
BUILD_OCSP_STAPLING_TRUE='#'
BUILD_OCSP_STAPLING_V2_FALSE=''
BUILD_OCSP_STAPLING_V2_TRUE='#'
BUILD_OCSP_TRUE=''
BUILD_OCTEON_SYNC_FALSE=''
BUILD_OCTEON_SYNC_TRUE='#'
BUILD_PKCALLBACKS_FALSE=''
BUILD_PKCALLBACKS_TRUE='#'
BUILD_PKCS11_FALSE='#'
BUILD_PKCS11_TRUE=''
BUILD_PKCS12_FALSE='#'
BUILD_PKCS12_TRUE=''
BUILD_PKCS7_FALSE='#'
BUILD_PKCS7_TRUE=''
BUILD_PKCS8_FALSE='#'
BUILD_PKCS8_TRUE=''
BUILD_PKI_FALSE='#'
BUILD_PKI_TRUE=''
BUILD_POLY1305_FALSE='#'
BUILD_POLY1305_TRUE=''
BUILD_PSA_FALSE=''
BUILD_PSA_TRUE='#'
BUILD_PSK_FALSE=''
BUILD_PSK_TRUE='#'
BUILD_PWDBASED_FALSE='#'
BUILD_PWDBASED_TRUE=''
BUILD_QNXCAAM_FALSE=''
BUILD_QNXCAAM_TRUE='#'
BUILD_QUIC_FALSE=''
BUILD_QUIC_TRUE='#'
BUILD_RC2_FALSE=''
BUILD_RC2_TRUE='#'
BUILD_RC4_FALSE='#'
BUILD_RC4_TRUE=''
BUILD_RIPEMD_FALSE='#'
BUILD_RIPEMD_TRUE=''
BUILD_RNG_FALSE='#'
BUILD_RNG_TRUE=''
BUILD_RSA_FALSE='#'
BUILD_RSA_TRUE=''
BUILD_SAKKE_FALSE='#'
BUILD_SAKKE_TRUE=''
BUILD_SCRYPT_FALSE='#'
BUILD_SCRYPT_TRUE=''
BUILD_SCTP_FALSE='#'
BUILD_SCTP_TRUE=''
BUILD_SE050_FALSE=''
BUILD_SE050_TRUE='#'
BUILD_SELFTEST_FALSE=''
BUILD_SELFTEST_TRUE='#'
BUILD_SHA224_FALSE='#'
BUILD_SHA224_TRUE=''
BUILD_SHA3_FALSE='#'
BUILD_SHA3_TRUE=''
BUILD_SHA512_FALSE='#'
BUILD_SHA512_TRUE=''
BUILD_SHA_FALSE='#'
BUILD_SHA_TRUE=''
BUILD_SIPHASH_FALSE='#'
BUILD_SIPHASH_TRUE=''
BUILD_SM2_FALSE='#'
BUILD_SM2_TRUE=''
BUILD_SM3_FALSE='#'
BUILD_SM3_TRUE=''
BUILD_SM4_FALSE='#'
BUILD_SM4_TRUE=''
BUILD_SMIME_FALSE='#'
BUILD_SMIME_TRUE=''
BUILD_SNIFFER_FALSE='#'
BUILD_SNIFFER_TRUE=''
BUILD_SNIFFTEST_FALSE=''
BUILD_SNIFFTEST_TRUE='#'
BUILD_SP_ARM32_FALSE='#'
BUILD_SP_ARM32_TRUE=''
BUILD_SP_ARM64_FALSE='#'
BUILD_SP_ARM64_TRUE=''
BUILD_SP_ARM_CORTEX_FALSE='#'
BUILD_SP_ARM_CORTEX_TRUE=''
BUILD_SP_ARM_THUMB_FALSE='#'
BUILD_SP_ARM_THUMB_TRUE=''
BUILD_SP_C32_FALSE='#'
BUILD_SP_C32_TRUE=''
BUILD_SP_C64_FALSE='#'
BUILD_SP_C64_TRUE=''
BUILD_SP_FALSE='#'
BUILD_SP_INT_FALSE='#'
BUILD_SP_INT_TRUE=''
BUILD_SP_TRUE=''
BUILD_SP_X86_64_FALSE='#'
BUILD_SP_X86_64_TRUE=''
BUILD_SRP_FALSE='#'
BUILD_SRP_TRUE=''
BUILD_SRTP_FALSE='#'
BUILD_SRTP_TRUE=''
BUILD_TESTS_FALSE='#'
BUILD_TESTS_TRUE=''
BUILD_THREADED_EXAMPLES_FALSE='#'
BUILD_THREADED_EXAMPLES_TRUE=''
BUILD_TLS13_FALSE='#'
BUILD_TLS13_TRUE=''
BUILD_TRUST_PEER_CERT_FALSE=''
BUILD_TRUST_PEER_CERT_TRUE='#'
BUILD_USER_CRYPTO_FALSE=''
BUILD_USER_CRYPTO_TRUE='#'
BUILD_USER_RSA_FALSE=''
BUILD_USER_RSA_TRUE='#'
BUILD_WC_KYBER_FALSE='#'
BUILD_WC_KYBER_TRUE=''
BUILD_WC_LMS_FALSE='#'
BUILD_WC_LMS_TRUE=''
BUILD_WC_XMSS_FALSE='#'
BUILD_WC_XMSS_TRUE=''
BUILD_WNR_FALSE=''
BUILD_WNR_TRUE='#'
BUILD_WOLFCRYPT_TESTS_FALSE='#'
BUILD_WOLFCRYPT_TESTS_LIBS_FALSE=''
BUILD_WOLFCRYPT_TESTS_LIBS_TRUE='#'
BUILD_WOLFCRYPT_TESTS_TRUE=''
BUILD_WOLFEVENT_FALSE=''
BUILD_WOLFEVENT_TRUE='#'
BUILD_X86_ASM_FALSE=''
BUILD_X86_ASM_TRUE='#'
BUILD_XCHACHA_FALSE='#'
BUILD_XCHACHA_TRUE=''
BUILD_XILINX_FALSE=''
BUILD_XILINX_TRUE='#'
BUILD_XTS_FALSE='#'
BUILD_XTS_TRUE=''
CC='gcc'
CCAS='gcc'
CCASDEPMODE='depmode=gcc3'
CCASFLAGS='  '
CCDEPMODE='depmode=gcc3'
CFLAGS='   -Wno-pragmas -Wall -Wextra -Wunknown-pragmas --param=ssp-buffer-size=1 -Waddress -Warray-bounds -Wbad-function-cast -Wchar-subscripts -Wcomment -Wfloat-equal -Wformat-security -Wformat=2 -Wmaybe-uninitialized -Wmissing-field-initializers -Wmissing-noreturn -Wmissing-prototypes -Wnested-externs -Wnormalized=id -Woverride-init -Wpointer-arith -Wpointer-sign -Wshadow -Wsign-compare -Wstrict-overflow=1 -Wswitch-enum -Wundef -Wunused -Wunused-result -Wunused-variable -Wwrite-strings -fwrapv'
CFLAGS_AUTO_VECTORIZE_DISABLE=''
CFLAGS_AUTO_VECTORIZE_ENABLE=''
CFLAGS_FPU_DISABLE=''
CFLAGS_FPU_ENABLE=''
CFLAGS_SIMD_DISABLE=''
CFLAGS_SIMD_ENABLE=''
CFLAG_VISIBILITY='-fvisibility=hidden'
CPP='gcc -E'
CPPFLAGS=''
CYGPATH_W='echo'
DEBUG_FALSE=''
DEBUG_TRUE='#'
DEFS='-DHAVE_CONFIG_H'
DEPDIR='.deps'
DLLTOOL='false'
DSYMUTIL=''
DUMPBIN=''
ECHO_C=''
ECHO_N='-n'
ECHO_T=''
EGREP='/usr/bin/grep -E'
ENABLED_ASM='yes'
ENABLED_CRYPT_TESTS='yes'
ENABLED_FIPS='no'
ENABLED_LINUXKM_BENCHMARKS='no'
ENABLED_LINUXKM_PIE='no'
EXEEXT=''
EXTRA_CCASFLAGS=''
EXTRA_CFLAGS=''
EXTRA_CPPFLAGS=''
EXTRA_LDFLAGS=''
FGREP='/usr/bin/grep -F'
GENERIC_CONFIG='wolfssl-config'
GREP='/usr/bin/grep'
HAVE_OPENSSL_CMD=''
HAVE_VALGRIND=''
HAVE_VISIBILITY='1'
HEX_VERSION='0x05006006'
INCLUDE_SP_INT='yes'
INC_AMINCLUDE='include $(top_builddir)/aminclude.am'
INSTALL_DATA='${INSTALL} -m 644'
INSTALL_PROGRAM='${INSTALL}'
INSTALL_SCRIPT='${INSTALL}'
INSTALL_STRIP_PROGRAM='$(install_sh) -c -s'
IPPHEADERS=''
IPPLIBS=''
IPPLINK=''
IS_VCS_CHECKOUT_FALSE=''
IS_VCS_CHECKOUT_TRUE='#'
KERNEL_ARCH=''
KERNEL_ROOT=''
LD='/usr/bin/ld -m elf_x86_64'
LDFLAGS=''
LIBM='-lm'
LIBOBJS=''
LIBS=' -lpthread'
LIBSUFFIX=''
LIBTOOL='$(SHELL) $(top_builddir)/libtool'
LIB_ADD=''
LIB_STATIC_ADD=''
LIPO=''
LN_S='ln -s'
LTLIBOBJS=''
LT_SYS_LIBRARY_PATH=''
MAKEINFO='${SHELL} /home/ljk/Desktop/wolfssl-5.6.6/build-aux/missing makeinfo'
MANIFEST_TOOL=':'
MCHECK=''
MKDIR_P='/usr/bin/mkdir -p'
NM='/usr/bin/nm -B'
NMEDIT=''
OBJDUMP='objdump'
OBJEXT='o'
OTOOL64=''
OTOOL=''
PACKAGE='wolfssl'
PACKAGE_BUGREPORT='https://github.com/wolfssl/wolfssl/issues'
PACKAGE_NAME='wolfssl'
PACKAGE_STRING='wolfssl 5.6.6'
PACKAGE_TARNAME='wolfssl'
PACKAGE_URL='https://www.wolfssl.com'
PACKAGE_VERSION='5.6.6'
PATH_SEPARATOR=':'
PSA_INCLUDE=''
PSA_LIB=''
PSA_LIB_NAME=''
PTHREAD_CC='gcc'
PTHREAD_CFLAGS='-pthread'
PTHREAD_CXX=''
PTHREAD_LIBS='-lpthread'
RANLIB='ranlib'
SED='/usr/bin/sed'
SET_MAKE=''
SHELL='/bin/bash'
STRIP='strip'
USE_VALGRIND_FALSE=''
USE_VALGRIND_TRUE='#'
VERSION='5.6.6'
WOLFSENTRY_INCLUDE=''
WOLFSENTRY_LIB=''
WOLFSSL_BUILD_DATE='Wed, 31 Jan 2024 19:56:05 -0800'
WOLFSSL_CONFIG_ARGS=' '\''--enable-usersettings'\'''
WOLFSSL_LIBRARY_VERSION='42:0:0'
WOLFSSL_LIBRARY_VERSION_FIRST='42'
WOLFSSL_LIBRARY_VERSION_SECOND='0'
WOLFSSL_LIBRARY_VERSION_THIRD='0'
XMSS_ROOT=''
ac_ct_AR='ar'
ac_ct_CC='gcc'
ac_ct_DUMPBIN=''
am__EXEEXT_FALSE=''
am__EXEEXT_TRUE='#'
am__fastdepCCAS_FALSE='#'
am__fastdepCCAS_TRUE=''
am__fastdepCC_FALSE='#'
am__fastdepCC_TRUE=''
am__include='include'
am__isrc=''
am__leading_dot='.'
am__nodep='_no'
am__quote=''
am__tar='tar --format=ustar -chf - "$$tardir"'
am__untar='tar -xf -'
ax_pthread_config=''
bindir='${exec_prefix}/bin'
build='x86_64-pc-linux-gnu'
build_alias=''
build_cpu='x86_64'
build_os='linux-gnu'
build_vendor='pc'
datadir='${datarootdir}'
datarootdir='${prefix}/share'
docdir='${datarootdir}/doc/${PACKAGE_TARNAME}'
dvidir='${docdir}'
exec_prefix='${prefix}'
host='x86_64-pc-linux-gnu'
host_alias=''
host_cpu='x86_64'
host_os='linux-gnu'
host_vendor='pc'
htmldir='${docdir}'
includedir='${prefix}/include'
infodir='${datarootdir}/info'
install_sh='${SHELL} /home/ljk/Desktop/wolfssl-5.6.6/build-aux/install-sh'
libdir='${exec_prefix}/lib'
libexecdir='${exec_prefix}/libexec'
localedir='${datarootdir}/locale'
localstatedir='${prefix}/var'
mandir='${datarootdir}/man'
mkdir_p='$(MKDIR_P)'
oldincludedir='/usr/include'
pdfdir='${docdir}'
prefix='/usr/local'
program_transform_name='s,x,x,'
psdir='${docdir}'
runstatedir='${localstatedir}/run'
sbindir='${exec_prefix}/sbin'
sharedstatedir='${prefix}/com'
sysconfdir='${prefix}/etc'
target='x86_64-pc-linux-gnu'
target_alias=''
target_cpu='x86_64'
target_os='linux-gnu'
target_vendor='pc'

## ----------- ##
## confdefs.h. ##
## ----------- ##

/* confdefs.h */
#define PACKAGE_NAME "wolfssl"
#define PACKAGE_TARNAME "wolfssl"
#define PACKAGE_VERSION "5.6.6"
#define PACKAGE_STRING "wolfssl 5.6.6"
#define PACKAGE_BUGREPORT "https://github.com/wolfssl/wolfssl/issues"
#define PACKAGE_URL "https://www.wolfssl.com"
#define STDC_HEADERS 1
#define HAVE_SYS_TYPES_H 1
#define HAVE_SYS_STAT_H 1
#define HAVE_STDLIB_H 1
#define HAVE_STRING_H 1
#define HAVE_MEMORY_H 1
#define HAVE_STRINGS_H 1
#define HAVE_INTTYPES_H 1
#define HAVE_STDINT_H 1
#define HAVE_UNISTD_H 1
#define HAVE_DLFCN_H 1
#define LT_OBJDIR ".libs/"
#define HAVE_VISIBILITY 1
#define SIZEOF_LONG_LONG 8
#define SIZEOF_LONG 8
#define SIZEOF_TIME_T 8
#define HAVE___UINT128_T 1
#define HAVE_ARPA_INET_H 1
#define HAVE_FCNTL_H 1
#define HAVE_LIMITS_H 1
#define HAVE_NETDB_H 1
#define HAVE_NETINET_IN_H 1
#define HAVE_STDDEF_H 1
#define HAVE_TIME_H 1
#define HAVE_SYS_IOCTL_H 1
#define HAVE_SYS_SOCKET_H 1
#define HAVE_SYS_TIME_H 1
#define HAVE_ERRNO_H 1
#define HAVE_SYS_UN_H 1
#define HAVE_C___ATOMIC 1
#define HAVE_GETHOSTBYNAME 1
#define HAVE_GETADDRINFO 1
#define HAVE_GETTIMEOFDAY 1
#define HAVE_GMTIME_R 1
#define HAVE_INET_NTOA 1
#define HAVE_MEMSET 1
#define HAVE_SOCKET 1
#define HAVE_STRFTIME 1
#define HAVE_ATEXIT 1
#define HAVE_DECL_GETHOSTBYNAME 1
#define HAVE_DECL_GETADDRINFO 1
#define HAVE_DECL_GETTIMEOFDAY 1
#define HAVE_DECL_GMTIME_R 1
#define HAVE_DECL_GMTIME_S 0
#define HAVE_DECL_INET_NTOA 1
#define HAVE_DECL_MEMSET 1
#define HAVE_DECL_SOCKET 1
#define HAVE_DECL_STRFTIME 1
#define HAVE_DECL_ATEXIT 1
#define HAVE_UINTPTR_T 1
#define TLS _Thread_local
#define DEBUG 0
#define HAVE_PTHREAD_PRIO_INHERIT 1
#define HAVE_PTHREAD 1
#define BUILD_USER_RSA /**/
#define VCS_SYSTEM "none"
#define VCS_CHECKOUT 0

configure: exit 0
